  [1m[35m (0.2ms)[0m  [1m[35mCREATE TABLE "schema_migrations" ("version" varchar NOT NULL PRIMARY KEY) /*application='ReFormer'*/[0m
  [1m[35m (0.1ms)[0m  [1m[35mCREATE TABLE "ar_internal_metadata" ("key" varchar NOT NULL PRIMARY KEY, "value" varchar, "created_at" datetime(6) NOT NULL, "updated_at" datetime(6) NOT NULL) /*application='ReFormer'*/[0m
  [1m[36mActiveRecord::SchemaMigration Load (0.1ms)[0m  [1m[34mSELECT "schema_migrations"."version" FROM "schema_migrations" ORDER BY "schema_migrations"."version" ASC /*application='ReFormer'*/[0m
  [1m[36mCACHE ActiveRecord::SchemaMigration Load (0.0ms)[0m  [1m[34mSELECT "schema_migrations"."version" FROM "schema_migrations" ORDER BY "schema_migrations"."version" ASC[0m
  [1m[36mActiveRecord::InternalMetadata Load (0.0ms)[0m  [1m[34mSELECT * FROM "ar_internal_metadata" WHERE "ar_internal_metadata"."key" = 'environment' ORDER BY "ar_internal_metadata"."key" ASC LIMIT 1 /*application='ReFormer'*/[0m
  [1m[36mActiveRecord::InternalMetadata Create (0.1ms)[0m  [1m[32mINSERT INTO "ar_internal_metadata" ("key", "value", "created_at", "updated_at") VALUES ('environment', 'development', '2025-06-07 02:58:29.477504', '2025-06-07 02:58:29.477506') RETURNING "key" /*application='ReFormer'*/[0m
  [1m[36mActiveRecord::SchemaMigration Load (0.0ms)[0m  [1m[34mSELECT "schema_migrations"."version" FROM "schema_migrations" ORDER BY "schema_migrations"."version" ASC /*application='ReFormer'*/[0m
Migrating to CreateUsers (20250607025824)
  [1m[36mTRANSACTION (0.0ms)[0m  [1m[35mBEGIN immediate TRANSACTION /*application='ReFormer'*/[0m
  [1m[35m (0.3ms)[0m  [1m[35mCREATE TABLE "users" ("id" integer PRIMARY KEY AUTOINCREMENT NOT NULL, "username" varchar, "email" varchar, "password" varchar, "created_at" datetime(6) NOT NULL, "updated_at" datetime(6) NOT NULL) /*application='ReFormer'*/[0m
  [1m[36mActiveRecord::SchemaMigration Create (0.0ms)[0m  [1m[32mINSERT INTO "schema_migrations" ("version") VALUES ('20250607025824') RETURNING "version" /*application='ReFormer'*/[0m
  [1m[36mTRANSACTION (0.1ms)[0m  [1m[35mCOMMIT TRANSACTION /*application='ReFormer'*/[0m
  [1m[36mActiveRecord::SchemaMigration Load (0.0ms)[0m  [1m[34mSELECT "schema_migrations"."version" FROM "schema_migrations" ORDER BY "schema_migrations"."version" ASC /*application='ReFormer'*/[0m
  [1m[36mActiveRecord::SchemaMigration Load (0.0ms)[0m  [1m[34mSELECT "schema_migrations"."version" FROM "schema_migrations" ORDER BY "schema_migrations"."version" ASC /*application='ReFormer'*/[0m
Started GET "/" for 127.0.0.1 at 2025-06-07 13:08:14 +1000
  [1m[36mActiveRecord::SchemaMigration Load (0.1ms)[0m  [1m[34mSELECT "schema_migrations"."version" FROM "schema_migrations" ORDER BY "schema_migrations"."version" ASC /*application='ReFormer'*/[0m
Processing by Rails::WelcomeController#index as HTML
  Rendering /Users/petar/.rbenv/versions/3.3.8/lib/ruby/gems/3.3.0/gems/railties-8.0.2/lib/rails/templates/rails/welcome/index.html.erb
  Rendered /Users/petar/.rbenv/versions/3.3.8/lib/ruby/gems/3.3.0/gems/railties-8.0.2/lib/rails/templates/rails/welcome/index.html.erb (Duration: 0.3ms | GC: 0.0ms)
Completed 200 OK in 63ms (Views: 2.6ms | ActiveRecord: 0.0ms (0 queries, 0 cached) | GC: 0.2ms)


Started GET "/users" for 127.0.0.1 at 2025-06-07 13:08:18 +1000
  
ActionController::RoutingError (No route matches [GET] "/users"):
  
Started GET "/favicon.ico" for 127.0.0.1 at 2025-06-07 13:08:18 +1000
  
ActionController::RoutingError (No route matches [GET] "/favicon.ico"):
  
Started GET "/users/new" for 127.0.0.1 at 2025-06-07 13:08:21 +1000
Processing by UsersController#new as HTML
  Rendering layout layouts/application.html.erb
  Rendering users/new.html.erb within layouts/application
  Rendered users/new.html.erb within layouts/application (Duration: 0.1ms | GC: 0.0ms)
  Rendered layout layouts/application.html.erb (Duration: 5.0ms | GC: 1.1ms)
Completed 200 OK in 69ms (Views: 8.5ms | ActiveRecord: 0.7ms (0 queries, 0 cached) | GC: 3.8ms)


Started GET "/assets/turbo.min-3a2e143f.js" for 127.0.0.1 at 2025-06-07 13:08:22 +1000
Started GET "/users/new" for 127.0.0.1 at 2025-06-07 13:15:20 +1000
Processing by UsersController#new as HTML
  Rendering layout layouts/application.html.erb
  Rendering users/new.html.erb within layouts/application
  Rendered users/new.html.erb within layouts/application (Duration: 3.8ms | GC: 0.2ms)
  Rendered layout layouts/application.html.erb (Duration: 4.7ms | GC: 0.2ms)
Completed 200 OK in 44ms (Views: 5.3ms | ActiveRecord: 0.0ms (0 queries, 0 cached) | GC: 0.4ms)


Started POST "/users" for 127.0.0.1 at 2025-06-07 13:15:32 +1000
Processing by UsersController#create as TURBO_STREAM
  Parameters: {"user"=>{"name"=>"jacob", "email"=>"[FILTERED]", "password"=>"[FILTERED]"}}
[31mUnpermitted parameter: :name. Context: { controller: UsersController, action: create, request: #<ActionDispatch::Request:0x000000012693cd18>, params: {"user"=>{"name"=>"jacob", "email"=>"[FILTERED]", "password"=>"[FILTERED]"}, "controller"=>"users", "action"=>"create"} }[0m
Completed 500 Internal Server Error in 217ms (ActiveRecord: 0.0ms (0 queries, 0 cached) | GC: 0.0ms)


  
NoMethodError (undefined method `password_digest=' for an instance of User):
  
app/controllers/users_controller.rb:7:in `create'
Started POST "/users" for 127.0.0.1 at 2025-06-07 13:15:54 +1000
Processing by UsersController#create as TURBO_STREAM
  Parameters: {"user"=>{"name"=>"edhe2dunwdq", "email"=>"[FILTERED]", "password"=>"[FILTERED]"}}
[31mUnpermitted parameter: :name. Context: { controller: UsersController, action: create, request: #<ActionDispatch::Request:0x00000001269b8a30>, params: {"user"=>{"name"=>"edhe2dunwdq", "email"=>"[FILTERED]", "password"=>"[FILTERED]"}, "controller"=>"users", "action"=>"create"} }[0m
Completed 500 Internal Server Error in 222ms (ActiveRecord: 0.0ms (0 queries, 0 cached) | GC: 0.2ms)


  
NoMethodError (undefined method `password_digest=' for an instance of User):
  
app/controllers/users_controller.rb:7:in `create'
  [1m[36mCACHE ActiveRecord::SchemaMigration Load (0.0ms)[0m  [1m[34mSELECT "schema_migrations"."version" FROM "schema_migrations" ORDER BY "schema_migrations"."version" ASC[0m
  [1m[36mActiveRecord::InternalMetadata Load (0.0ms)[0m  [1m[34mSELECT * FROM "ar_internal_metadata" WHERE "ar_internal_metadata"."key" = 'environment' ORDER BY "ar_internal_metadata"."key" ASC LIMIT 1 /*application='ReFormer'*/[0m
  [1m[36mActiveRecord::SchemaMigration Load (0.0ms)[0m  [1m[34mSELECT "schema_migrations"."version" FROM "schema_migrations" ORDER BY "schema_migrations"."version" ASC /*application='ReFormer'*/[0m
Migrating to AddPasswordDigestToUsers (20250607032011)
  [1m[36mTRANSACTION (0.0ms)[0m  [1m[35mBEGIN immediate TRANSACTION /*application='ReFormer'*/[0m
  [1m[35m (0.8ms)[0m  [1m[35mALTER TABLE "users" ADD "password_digest" varchar /*application='ReFormer'*/[0m
  [1m[36mActiveRecord::SchemaMigration Create (0.0ms)[0m  [1m[32mINSERT INTO "schema_migrations" ("version") VALUES ('20250607032011') RETURNING "version" /*application='ReFormer'*/[0m
  [1m[36mTRANSACTION (0.2ms)[0m  [1m[35mCOMMIT TRANSACTION /*application='ReFormer'*/[0m
  [1m[36mActiveRecord::SchemaMigration Load (0.0ms)[0m  [1m[34mSELECT "schema_migrations"."version" FROM "schema_migrations" ORDER BY "schema_migrations"."version" ASC /*application='ReFormer'*/[0m
Started GET "/users/new" for 127.0.0.1 at 2025-06-07 13:20:21 +1000
  [1m[36mActiveRecord::SchemaMigration Load (0.0ms)[0m  [1m[34mSELECT "schema_migrations"."version" FROM "schema_migrations" ORDER BY "schema_migrations"."version" ASC /*application='ReFormer'*/[0m
Processing by UsersController#new as HTML
  Rendering layout layouts/application.html.erb
  Rendering users/new.html.erb within layouts/application
  Rendered users/new.html.erb within layouts/application (Duration: 0.3ms | GC: 0.0ms)
  Rendered layout layouts/application.html.erb (Duration: 1.3ms | GC: 0.1ms)
Completed 200 OK in 41ms (Views: 1.9ms | ActiveRecord: 0.0ms (0 queries, 0 cached) | GC: 0.3ms)


Started POST "/users" for 127.0.0.1 at 2025-06-07 13:20:36 +1000
Processing by UsersController#create as TURBO_STREAM
  Parameters: {"user"=>{"name"=>"jame", "email"=>"[FILTERED]", "password"=>"[FILTERED]"}}
[31mUnpermitted parameter: :name. Context: { controller: UsersController, action: create, request: #<ActionDispatch::Request:0x0000000126b79a68>, params: {"user"=>{"name"=>"jame", "email"=>"[FILTERED]", "password"=>"[FILTERED]"}, "controller"=>"users", "action"=>"create"} }[0m
Completed 500 Internal Server Error in 220ms (ActiveRecord: 0.0ms (0 queries, 0 cached) | GC: 1.1ms)


  
NoMethodError (undefined method `password_digest=' for an instance of User):
  
app/controllers/users_controller.rb:7:in `create'
Started GET "/users/new" for 127.0.0.1 at 2025-06-07 13:21:00 +1000
  [1m[36mActiveRecord::SchemaMigration Load (0.0ms)[0m  [1m[34mSELECT "schema_migrations"."version" FROM "schema_migrations" ORDER BY "schema_migrations"."version" ASC /*application='ReFormer'*/[0m
Processing by UsersController#new as HTML
  Rendering layout layouts/application.html.erb
  Rendering users/new.html.erb within layouts/application
  Rendered users/new.html.erb within layouts/application (Duration: 4.8ms | GC: 2.6ms)
  Rendered layout layouts/application.html.erb (Duration: 10.4ms | GC: 5.4ms)
Completed 200 OK in 80ms (Views: 13.3ms | ActiveRecord: 0.7ms (0 queries, 0 cached) | GC: 12.6ms)


Started POST "/users" for 127.0.0.1 at 2025-06-07 13:21:11 +1000
Processing by UsersController#create as TURBO_STREAM
  Parameters: {"user"=>{"name"=>"dwd", "email"=>"[FILTERED]", "password"=>"[FILTERED]"}}
[31mUnpermitted parameter: :name. Context: { controller: UsersController, action: create, request: #<ActionDispatch::Request:0x000000012957bf50>, params: {"user"=>{"name"=>"dwd", "email"=>"[FILTERED]", "password"=>"[FILTERED]"}, "controller"=>"users", "action"=>"create"} }[0m
No template found for UsersController#create, rendering head :no_content
Completed 204 No Content in 220ms (ActiveRecord: 0.0ms (0 queries, 0 cached) | GC: 0.0ms)


Started POST "/users" for 127.0.0.1 at 2025-06-07 13:21:13 +1000
Processing by UsersController#create as TURBO_STREAM
  Parameters: {"user"=>{"name"=>"dwd", "email"=>"[FILTERED]", "password"=>"[FILTERED]"}}
[31mUnpermitted parameter: :name. Context: { controller: UsersController, action: create, request: #<ActionDispatch::Request:0x000000012d0b73a8>, params: {"user"=>{"name"=>"dwd", "email"=>"[FILTERED]", "password"=>"[FILTERED]"}, "controller"=>"users", "action"=>"create"} }[0m
No template found for UsersController#create, rendering head :no_content
Completed 204 No Content in 223ms (ActiveRecord: 0.0ms (0 queries, 0 cached) | GC: 0.2ms)


Started POST "/users" for 127.0.0.1 at 2025-06-07 13:21:16 +1000
Processing by UsersController#create as TURBO_STREAM
  Parameters: {"user"=>{"name"=>"dwd", "email"=>"[FILTERED]", "password"=>"[FILTERED]"}}
[31mUnpermitted parameter: :name. Context: { controller: UsersController, action: create, request: #<ActionDispatch::Request:0x000000012d0d3210>, params: {"user"=>{"name"=>"dwd", "email"=>"[FILTERED]", "password"=>"[FILTERED]"}, "controller"=>"users", "action"=>"create"} }[0m
No template found for UsersController#create, rendering head :no_content
Completed 204 No Content in 221ms (ActiveRecord: 0.0ms (0 queries, 0 cached) | GC: 0.0ms)


Started POST "/users" for 127.0.0.1 at 2025-06-07 13:21:17 +1000
Processing by UsersController#create as TURBO_STREAM
  Parameters: {"user"=>{"name"=>"dwd", "email"=>"[FILTERED]", "password"=>"[FILTERED]"}}
[31mUnpermitted parameter: :name. Context: { controller: UsersController, action: create, request: #<ActionDispatch::Request:0x00000001280fa978>, params: {"user"=>{"name"=>"dwd", "email"=>"[FILTERED]", "password"=>"[FILTERED]"}, "controller"=>"users", "action"=>"create"} }[0m
No template found for UsersController#create, rendering head :no_content
Completed 204 No Content in 225ms (ActiveRecord: 0.0ms (0 queries, 0 cached) | GC: 0.0ms)


  [1m[36mUser Load (2.5ms)[0m  [1m[34mSELECT "users".* FROM "users" /* loading for pp */ LIMIT 11 /*application='ReFormer'*/[0m
Started POST "/users" for 127.0.0.1 at 2025-06-07 13:25:45 +1000
Processing by UsersController#create as TURBO_STREAM
  Parameters: {"user"=>{"name"=>"dwd", "email"=>"[FILTERED]", "password"=>"[FILTERED]"}}
[31mUnpermitted parameter: :name. Context: { controller: UsersController, action: create, request: #<ActionDispatch::Request:0x000000012d279740>, params: {"user"=>{"name"=>"dwd", "email"=>"[FILTERED]", "password"=>"[FILTERED]"}, "controller"=>"users", "action"=>"create"} }[0m
No template found for UsersController#create, rendering head :no_content
Completed 204 No Content in 215ms (ActiveRecord: 0.4ms (0 queries, 0 cached) | GC: 0.0ms)


Started POST "/users" for 127.0.0.1 at 2025-06-07 13:25:55 +1000
Processing by UsersController#create as TURBO_STREAM
  Parameters: {"user"=>{"name"=>"dwd", "email"=>"[FILTERED]", "password"=>"[FILTERED]"}}
[31mUnpermitted parameter: :name. Context: { controller: UsersController, action: create, request: #<ActionDispatch::Request:0x000000012d41c4f8>, params: {"user"=>{"name"=>"dwd", "email"=>"[FILTERED]", "password"=>"[FILTERED]"}, "controller"=>"users", "action"=>"create"} }[0m
No template found for UsersController#create, rendering head :no_content
Completed 204 No Content in 224ms (ActiveRecord: 0.0ms (0 queries, 0 cached) | GC: 0.0ms)


Started GET "/users/new" for 127.0.0.1 at 2025-06-07 13:28:12 +1000
Processing by UsersController#new as HTML
  Rendering layout layouts/application.html.erb
  Rendering users/new.html.erb within layouts/application
  Rendered users/new.html.erb within layouts/application (Duration: 0.3ms | GC: 0.0ms)
  Rendered layout layouts/application.html.erb (Duration: 1.5ms | GC: 0.4ms)
Completed 200 OK in 41ms (Views: 2.1ms | ActiveRecord: 0.5ms (0 queries, 0 cached) | GC: 0.7ms)


Started POST "/users" for 127.0.0.1 at 2025-06-07 13:28:21 +1000
Processing by UsersController#create as TURBO_STREAM
  Parameters: {"user"=>{"name"=>"hNW", "email"=>"[FILTERED]", "password"=>"[FILTERED]"}}
Completed 500 Internal Server Error in 45ms (ActiveRecord: 0.0ms (0 queries, 0 cached) | GC: 0.0ms)


  
ActiveModel::UnknownAttributeError (unknown attribute 'name' for User.)
Caused by: NoMethodError (undefined method `name=' for an instance of User)

Information for: ActiveModel::UnknownAttributeError (unknown attribute 'name' for User.):
  
app/controllers/users_controller.rb:7:in `create'

Information for cause: NoMethodError (undefined method `name=' for an instance of User):
  
app/controllers/users_controller.rb:7:in `create'
Started GET "/users/new" for 127.0.0.1 at 2025-06-07 13:28:53 +1000
  [1m[36mActiveRecord::SchemaMigration Load (0.1ms)[0m  [1m[34mSELECT "schema_migrations"."version" FROM "schema_migrations" ORDER BY "schema_migrations"."version" ASC /*application='ReFormer'*/[0m
Processing by UsersController#new as HTML
  Rendering layout layouts/application.html.erb
  Rendering users/new.html.erb within layouts/application
  Rendered users/new.html.erb within layouts/application (Duration: 1.9ms | GC: 0.0ms)
  Rendered layout layouts/application.html.erb (Duration: 4.5ms | GC: 0.0ms)
Completed 200 OK in 70ms (Views: 5.7ms | ActiveRecord: 0.6ms (0 queries, 0 cached) | GC: 0.0ms)


Started POST "/users" for 127.0.0.1 at 2025-06-07 13:29:01 +1000
Processing by UsersController#create as TURBO_STREAM
  Parameters: {"user"=>{"name"=>"cfef", "email"=>"[FILTERED]", "password"=>"[FILTERED]"}}
Completed 500 Internal Server Error in 43ms (ActiveRecord: 0.0ms (0 queries, 0 cached) | GC: 0.0ms)


  
ActiveModel::UnknownAttributeError (unknown attribute 'name' for User.)
Caused by: NoMethodError (undefined method `name=' for an instance of User)

Information for: ActiveModel::UnknownAttributeError (unknown attribute 'name' for User.):
  
app/controllers/users_controller.rb:7:in `create'

Information for cause: NoMethodError (undefined method `name=' for an instance of User):
  
app/controllers/users_controller.rb:7:in `create'
Started GET "/users/new" for 127.0.0.1 at 2025-06-07 13:30:11 +1000
Processing by UsersController#new as HTML
  Rendering layout layouts/application.html.erb
  Rendering users/new.html.erb within layouts/application
  Rendered users/new.html.erb within layouts/application (Duration: 0.4ms | GC: 0.0ms)
  Rendered layout layouts/application.html.erb (Duration: 1.2ms | GC: 0.0ms)
Completed 200 OK in 42ms (Views: 1.8ms | ActiveRecord: 0.5ms (0 queries, 0 cached) | GC: 0.2ms)


Started POST "/users" for 127.0.0.1 at 2025-06-07 13:30:20 +1000
Processing by UsersController#create as TURBO_STREAM
  Parameters: {"user"=>{"username"=>"james", "email"=>"[FILTERED]", "password"=>"[FILTERED]"}}
No template found for UsersController#create, rendering head :no_content
Completed 204 No Content in 223ms (ActiveRecord: 0.0ms (0 queries, 0 cached) | GC: 0.0ms)


Started GET "/users/new" for 127.0.0.1 at 2025-06-07 13:36:13 +1000
  [1m[36mActiveRecord::SchemaMigration Load (0.0ms)[0m  [1m[34mSELECT "schema_migrations"."version" FROM "schema_migrations" ORDER BY "schema_migrations"."version" ASC /*application='ReFormer'*/[0m
Processing by UsersController#new as HTML
  Rendering layout layouts/application.html.erb
  Rendering users/new.html.erb within layouts/application
  Rendered users/new.html.erb within layouts/application (Duration: 3.0ms | GC: 1.0ms)
  Rendered layout layouts/application.html.erb (Duration: 6.8ms | GC: 2.0ms)
Completed 200 OK in 83ms (Views: 9.4ms | ActiveRecord: 1.1ms (0 queries, 0 cached) | GC: 12.6ms)


Started POST "/users" for 127.0.0.1 at 2025-06-07 13:36:23 +1000
Processing by UsersController#create as TURBO_STREAM
  Parameters: {"user"=>{"username"=>"james", "email"=>"[FILTERED]", "password"=>"[FILTERED]"}}
  [1m[36mTRANSACTION (0.0ms)[0m  [1m[35mBEGIN immediate TRANSACTION /*action='create',application='ReFormer',controller='users'*/[0m
  ↳ app/controllers/users_controller.rb:8:in `create'
  [1m[36mUser Exists? (0.4ms)[0m  [1m[34mSELECT 1 AS one FROM "users" WHERE "users"."username" = 'james' LIMIT 1 /*action='create',application='ReFormer',controller='users'*/[0m
  ↳ app/controllers/users_controller.rb:8:in `create'
  [1m[36mUser Exists? (0.0ms)[0m  [1m[34mSELECT 1 AS one FROM "users" WHERE "users"."email" = 'ddhw.dd@gmail.com' LIMIT 1 /*action='create',application='ReFormer',controller='users'*/[0m
  ↳ app/controllers/users_controller.rb:8:in `create'
  [1m[36mUser Create (0.0ms)[0m  [1m[32mINSERT INTO "users" ("username", "email", "password", "created_at", "updated_at", "password_digest") VALUES ('james', 'ddhw.dd@gmail.com', NULL, '2025-06-07 03:36:24.067236', '2025-06-07 03:36:24.067236', '$2a$12$6a/mFUTiFV/Iw8PDO3UVtuaXPiJVII4f4TtBeSwHdlPEt3iTr2.7K') RETURNING "id" /*action='create',application='ReFormer',controller='users'*/[0m
  ↳ app/controllers/users_controller.rb:8:in `create'
  [1m[36mTRANSACTION (0.2ms)[0m  [1m[35mCOMMIT TRANSACTION /*action='create',application='ReFormer',controller='users'*/[0m
  ↳ app/controllers/users_controller.rb:8:in `create'
Redirected to http://127.0.0.1:3000/users
Completed 302 Found in 226ms (ActiveRecord: 0.7ms (3 queries, 0 cached) | GC: 0.0ms)


Started GET "/users" for 127.0.0.1 at 2025-06-07 13:36:24 +1000
Processing by UsersController#index as TURBO_STREAM
  Rendering layout layouts/application.html.erb
  Rendering users/index.html.erb within layouts/application
  Rendered users/index.html.erb within layouts/application (Duration: 0.6ms | GC: 0.0ms)
  Rendered layout layouts/application.html.erb (Duration: 0.6ms | GC: 0.0ms)
Completed 500 Internal Server Error in 32ms (ActiveRecord: 0.0ms (0 queries, 0 cached) | GC: 0.0ms)


  
ActionView::Template::Error (undefined method `each' for nil)
Caused by: NoMethodError (undefined method `each' for nil)

Information for: ActionView::Template::Error (undefined method `each' for nil):
    1: <h1>All Users</h1>
    2: <ul>
    3:   <% @users.each do |user| %>
    4:     <li><%= user.username %> - <%= user.email %></li>
    5:   <% end %>
    6: </ul>
  
app/views/users/index.html.erb:3

Information for cause: NoMethodError (undefined method `each' for nil):
  
app/views/users/index.html.erb:3
Started GET "/users/new" for 127.0.0.1 at 2025-06-07 13:38:52 +1000
Processing by UsersController#new as HTML
  Rendering layout layouts/application.html.erb
  Rendering users/new.html.erb within layouts/application
  Rendered users/new.html.erb within layouts/application (Duration: 1.0ms | GC: 0.6ms)
  Rendered layout layouts/application.html.erb (Duration: 4.1ms | GC: 2.8ms)
Completed 200 OK in 48ms (Views: 5.2ms | ActiveRecord: 0.9ms (0 queries, 0 cached) | GC: 6.5ms)


Started POST "/users" for 127.0.0.1 at 2025-06-07 13:39:00 +1000
Processing by UsersController#create as TURBO_STREAM
  Parameters: {"user"=>{"username"=>"wdw", "email"=>"[FILTERED]", "password"=>"[FILTERED]"}}
  [1m[36mTRANSACTION (0.0ms)[0m  [1m[35mBEGIN immediate TRANSACTION /*action='create',application='ReFormer',controller='users'*/[0m
  ↳ app/controllers/users_controller.rb:8:in `create'
  [1m[36mUser Exists? (1.1ms)[0m  [1m[34mSELECT 1 AS one FROM "users" WHERE "users"."username" = 'wdw' LIMIT 1 /*action='create',application='ReFormer',controller='users'*/[0m
  ↳ app/controllers/users_controller.rb:8:in `create'
  [1m[36mUser Exists? (0.0ms)[0m  [1m[34mSELECT 1 AS one FROM "users" WHERE "users"."email" = 'dwd.dwd@gmail.clm' LIMIT 1 /*action='create',application='ReFormer',controller='users'*/[0m
  ↳ app/controllers/users_controller.rb:8:in `create'
  [1m[36mTRANSACTION (0.0ms)[0m  [1m[31mROLLBACK TRANSACTION /*action='create',application='ReFormer',controller='users'*/[0m
  ↳ app/controllers/users_controller.rb:8:in `create'
  Rendering layout layouts/application.html.erb
  Rendering users/new.html.erb within layouts/application
  Rendered users/new.html.erb within layouts/application (Duration: 0.4ms | GC: 0.3ms)
  Rendered layout layouts/application.html.erb (Duration: 0.8ms | GC: 0.5ms)
Completed 422 Unprocessable Content in 227ms (Views: 0.9ms | ActiveRecord: 1.2ms (2 queries, 0 cached) | GC: 2.9ms)


Started POST "/users" for 127.0.0.1 at 2025-06-07 13:39:33 +1000
Processing by UsersController#create as TURBO_STREAM
  Parameters: {"user"=>{"username"=>"jac", "email"=>"[FILTERED]", "password"=>"[FILTERED]"}}
  [1m[36mTRANSACTION (0.0ms)[0m  [1m[35mBEGIN immediate TRANSACTION /*action='create',application='ReFormer',controller='users'*/[0m
  ↳ app/controllers/users_controller.rb:8:in `create'
  [1m[36mUser Exists? (0.4ms)[0m  [1m[34mSELECT 1 AS one FROM "users" WHERE "users"."username" = 'jac' LIMIT 1 /*action='create',application='ReFormer',controller='users'*/[0m
  ↳ app/controllers/users_controller.rb:8:in `create'
  [1m[36mUser Exists? (0.0ms)[0m  [1m[34mSELECT 1 AS one FROM "users" WHERE "users"."email" = 'dwdw@gmali.com' LIMIT 1 /*action='create',application='ReFormer',controller='users'*/[0m
  ↳ app/controllers/users_controller.rb:8:in `create'
  [1m[36mUser Create (0.0ms)[0m  [1m[32mINSERT INTO "users" ("username", "email", "password", "created_at", "updated_at", "password_digest") VALUES ('jac', 'dwdw@gmali.com', NULL, '2025-06-07 03:39:34.166826', '2025-06-07 03:39:34.166826', '$2a$12$sTzb3J2E0dkVJn9npAbMIOTz/6r4RKxxXuC36Y4vGWB9Mag6wZMl2') RETURNING "id" /*action='create',application='ReFormer',controller='users'*/[0m
  ↳ app/controllers/users_controller.rb:8:in `create'
  [1m[36mTRANSACTION (0.5ms)[0m  [1m[35mCOMMIT TRANSACTION /*action='create',application='ReFormer',controller='users'*/[0m
  ↳ app/controllers/users_controller.rb:8:in `create'
Redirected to http://127.0.0.1:3000/users
Completed 302 Found in 225ms (ActiveRecord: 1.0ms (3 queries, 0 cached) | GC: 0.4ms)


Started GET "/users" for 127.0.0.1 at 2025-06-07 13:39:34 +1000
Processing by UsersController#index as TURBO_STREAM
  Rendering layout layouts/application.html.erb
  Rendering users/index.html.erb within layouts/application
  Rendered users/index.html.erb within layouts/application (Duration: 0.3ms | GC: 0.0ms)
  Rendered layout layouts/application.html.erb (Duration: 0.3ms | GC: 0.0ms)
Completed 500 Internal Server Error in 33ms (ActiveRecord: 0.0ms (0 queries, 0 cached) | GC: 0.0ms)


  
ActionView::Template::Error (undefined method `each' for nil)
Caused by: NoMethodError (undefined method `each' for nil)

Information for: ActionView::Template::Error (undefined method `each' for nil):
    1: <h1>All Users</h1>
    2: <ul>
    3:   <% @users.each do |user| %>
    4:     <li><%= user.username %> - <%= user.email %></li>
    5:     <%= debug @users %>
    6:   <% end %>
  
app/views/users/index.html.erb:3

Information for cause: NoMethodError (undefined method `each' for nil):
  
app/views/users/index.html.erb:3
Started GET "/users/new" for 127.0.0.1 at 2025-06-07 13:41:20 +1000
  [1m[36mActiveRecord::SchemaMigration Load (0.0ms)[0m  [1m[34mSELECT "schema_migrations"."version" FROM "schema_migrations" ORDER BY "schema_migrations"."version" ASC /*application='ReFormer'*/[0m
Processing by UsersController#new as HTML
  Rendering layout layouts/application.html.erb
  Rendering users/new.html.erb within layouts/application
  Rendered users/new.html.erb within layouts/application (Duration: 3.5ms | GC: 1.6ms)
  Rendered layout layouts/application.html.erb (Duration: 8.2ms | GC: 3.4ms)
Completed 200 OK in 84ms (Views: 10.5ms | ActiveRecord: 0.8ms (0 queries, 0 cached) | GC: 12.5ms)


Started POST "/users" for 127.0.0.1 at 2025-06-07 13:41:30 +1000
Processing by UsersController#create as TURBO_STREAM
  Parameters: {"user"=>{"username"=>"dwdw", "email"=>"[FILTERED]", "password"=>"[FILTERED]"}}
  [1m[36mTRANSACTION (0.0ms)[0m  [1m[35mBEGIN immediate TRANSACTION /*action='create',application='ReFormer',controller='users'*/[0m
  ↳ app/controllers/users_controller.rb:8:in `create'
  [1m[36mUser Exists? (0.5ms)[0m  [1m[34mSELECT 1 AS one FROM "users" WHERE "users"."username" = 'dwdw' LIMIT 1 /*action='create',application='ReFormer',controller='users'*/[0m
  ↳ app/controllers/users_controller.rb:8:in `create'
  [1m[36mUser Exists? (0.0ms)[0m  [1m[34mSELECT 1 AS one FROM "users" WHERE "users"."email" = 'wddw.2@gma.com' LIMIT 1 /*action='create',application='ReFormer',controller='users'*/[0m
  ↳ app/controllers/users_controller.rb:8:in `create'
  [1m[36mUser Create (0.1ms)[0m  [1m[32mINSERT INTO "users" ("username", "email", "password", "created_at", "updated_at", "password_digest") VALUES ('dwdw', 'wddw.2@gma.com', NULL, '2025-06-07 03:41:30.690870', '2025-06-07 03:41:30.690870', '$2a$12$1dd9a1ieTdaqL25IlEok7uisnVMcZN.fsavvBDChS04yZrY1tjkra') RETURNING "id" /*action='create',application='ReFormer',controller='users'*/[0m
  ↳ app/controllers/users_controller.rb:8:in `create'
  [1m[36mTRANSACTION (0.4ms)[0m  [1m[35mCOMMIT TRANSACTION /*action='create',application='ReFormer',controller='users'*/[0m
  ↳ app/controllers/users_controller.rb:8:in `create'
Redirected to http://127.0.0.1:3000/users
Completed 302 Found in 228ms (ActiveRecord: 1.0ms (3 queries, 0 cached) | GC: 0.9ms)


Started GET "/users" for 127.0.0.1 at 2025-06-07 13:41:30 +1000
Processing by UsersController#index as TURBO_STREAM
  Rendering layout layouts/application.html.erb
  Rendering users/index.html.erb within layouts/application
  Rendered users/index.html.erb within layouts/application (Duration: 0.6ms | GC: 0.0ms)
  Rendered layout layouts/application.html.erb (Duration: 0.6ms | GC: 0.0ms)
Completed 500 Internal Server Error in 33ms (ActiveRecord: 0.0ms (0 queries, 0 cached) | GC: 0.0ms)


  
ActionView::Template::Error (undefined method `each' for nil)
Caused by: NoMethodError (undefined method `each' for nil)

Information for: ActionView::Template::Error (undefined method `each' for nil):
    1: <h1>All Users</h1>
    2: <ul>
    3:   <% @users.each do |user| %>
    4:     <li><%= user.username %> - <%= user.email %></li>
    5:     <%= debug @users %>
    6:   <% end %>
  
app/views/users/index.html.erb:3

Information for cause: NoMethodError (undefined method `each' for nil):
  
app/views/users/index.html.erb:3
Started GET "/users/new" for 127.0.0.1 at 2025-06-07 13:45:39 +1000
Processing by UsersController#new as HTML
  Rendering layout layouts/application.html.erb
  Rendering users/new.html.erb within layouts/application
  Rendered users/new.html.erb within layouts/application (Duration: 1.2ms | GC: 0.8ms)
  Rendered layout layouts/application.html.erb (Duration: 3.7ms | GC: 2.3ms)
Completed 200 OK in 46ms (Views: 4.6ms | ActiveRecord: 1.6ms (0 queries, 0 cached) | GC: 7.1ms)


Started POST "/users" for 127.0.0.1 at 2025-06-07 13:45:45 +1000
Processing by UsersController#create as TURBO_STREAM
  Parameters: {"user"=>{"username"=>"ddwd", "email"=>"[FILTERED]", "password"=>"[FILTERED]"}}
  [1m[36mTRANSACTION (0.0ms)[0m  [1m[35mBEGIN immediate TRANSACTION /*action='create',application='ReFormer',controller='users'*/[0m
  ↳ app/controllers/users_controller.rb:8:in `create'
  [1m[36mUser Exists? (0.5ms)[0m  [1m[34mSELECT 1 AS one FROM "users" WHERE "users"."username" = 'ddwd' LIMIT 1 /*action='create',application='ReFormer',controller='users'*/[0m
  ↳ app/controllers/users_controller.rb:8:in `create'
  [1m[36mUser Exists? (0.0ms)[0m  [1m[34mSELECT 1 AS one FROM "users" WHERE "users"."email" = 'dwdw@gmai.com' LIMIT 1 /*action='create',application='ReFormer',controller='users'*/[0m
  ↳ app/controllers/users_controller.rb:8:in `create'
  [1m[36mUser Create (0.0ms)[0m  [1m[32mINSERT INTO "users" ("username", "email", "password", "created_at", "updated_at", "password_digest") VALUES ('ddwd', 'dwdw@gmai.com', NULL, '2025-06-07 03:45:45.741980', '2025-06-07 03:45:45.741980', '$2a$12$0Wj6ZJVyDa0lZomOW.y0V.LaQmWcFBTAo.dx0LBr.mlMSo.4eaX/O') RETURNING "id" /*action='create',application='ReFormer',controller='users'*/[0m
  ↳ app/controllers/users_controller.rb:8:in `create'
  [1m[36mTRANSACTION (0.7ms)[0m  [1m[35mCOMMIT TRANSACTION /*action='create',application='ReFormer',controller='users'*/[0m
  ↳ app/controllers/users_controller.rb:8:in `create'
Redirected to http://127.0.0.1:3000/users
Completed 302 Found in 224ms (ActiveRecord: 1.2ms (3 queries, 0 cached) | GC: 0.9ms)


Started GET "/users" for 127.0.0.1 at 2025-06-07 13:45:45 +1000
Processing by UsersController#index as TURBO_STREAM
  Rendering layout layouts/application.html.erb
  Rendering users/index.html.erb within layouts/application
  [1m[36mUser Load (0.0ms)[0m  [1m[34mSELECT "users".* FROM "users" /*action='index',application='ReFormer',controller='users'*/[0m
  ↳ app/views/users/index.html.erb:3
  Rendered users/index.html.erb within layouts/application (Duration: 2.4ms | GC: 0.3ms)
  Rendered layout layouts/application.html.erb (Duration: 2.7ms | GC: 0.3ms)
Completed 200 OK in 36ms (Views: 2.8ms | ActiveRecord: 0.0ms (1 query, 0 cached) | GC: 0.5ms)


Started GET "/users" for 127.0.0.1 at 2025-06-07 13:46:02 +1000
Processing by UsersController#index as HTML
  Rendering layout layouts/application.html.erb
  Rendering users/index.html.erb within layouts/application
  [1m[36mUser Load (0.5ms)[0m  [1m[34mSELECT "users".* FROM "users" /*action='index',application='ReFormer',controller='users'*/[0m
  ↳ app/views/users/index.html.erb:3
  Rendered users/index.html.erb within layouts/application (Duration: 2.4ms | GC: 0.3ms)
  Rendered layout layouts/application.html.erb (Duration: 3.3ms | GC: 0.3ms)
Completed 200 OK in 44ms (Views: 3.3ms | ActiveRecord: 0.6ms (1 query, 0 cached) | GC: 0.4ms)


