  [1m[35m (0.2ms)[0m  [1m[35mCREATE TABLE "schema_migrations" ("version" varchar NOT NULL PRIMARY KEY) /*application='PrivateEvents'*/[0m
  [1m[35m (0.1ms)[0m  [1m[35mCREATE TABLE "ar_internal_metadata" ("key" varchar NOT NULL PRIMARY KEY, "value" varchar, "created_at" datetime(6) NOT NULL, "updated_at" datetime(6) NOT NULL) /*application='PrivateEvents'*/[0m
  [1m[36mActiveRecord::SchemaMigration Load (0.1ms)[0m  [1m[34mSELECT "schema_migrations"."version" FROM "schema_migrations" ORDER BY "schema_migrations"."version" ASC /*application='PrivateEvents'*/[0m
  [1m[36mActiveRecord::SchemaMigration Load (0.0ms)[0m  [1m[34mSELECT "schema_migrations"."version" FROM "schema_migrations" ORDER BY "schema_migrations"."version" ASC /*application='PrivateEvents'*/[0m
Started GET "/" for 127.0.0.1 at 2025-06-09 15:33:21 +1000
  [1m[36mActiveRecord::SchemaMigration Load (0.1ms)[0m  [1m[34mSELECT "schema_migrations"."version" FROM "schema_migrations" ORDER BY "schema_migrations"."version" ASC /*application='PrivateEvents'*/[0m
  
ActiveRecord::PendingMigrationError (

Migrations are pending. To resolve this issue, run:

        bin/rails db:migrate

You have 1 pending migration:

db/migrate/20250609052712_create_events.rb


):
  
activerecord (8.0.2) lib/active_record/migration.rb:743:in `check_pending_migrations'
activerecord (8.0.2) lib/active_record/migration.rb:660:in `block (2 levels) in call'
activesupport (8.0.2) lib/active_support/file_update_checker.rb:85:in `execute'
activerecord (8.0.2) lib/active_record/migration.rb:665:in `block in call'
activerecord (8.0.2) lib/active_record/migration.rb:657:in `synchronize'
activerecord (8.0.2) lib/active_record/migration.rb:657:in `call'
actionpack (8.0.2) lib/action_dispatch/middleware/callbacks.rb:31:in `block in call'
activesupport (8.0.2) lib/active_support/callbacks.rb:100:in `run_callbacks'
actionpack (8.0.2) lib/action_dispatch/middleware/callbacks.rb:30:in `call'
actionpack (8.0.2) lib/action_dispatch/middleware/executor.rb:16:in `call'
actionpack (8.0.2) lib/action_dispatch/middleware/actionable_exceptions.rb:18:in `call'
actionpack (8.0.2) lib/action_dispatch/middleware/debug_exceptions.rb:31:in `call'
web-console (4.2.1) lib/web_console/middleware.rb:132:in `call_app'
web-console (4.2.1) lib/web_console/middleware.rb:28:in `block in call'
web-console (4.2.1) lib/web_console/middleware.rb:17:in `catch'
web-console (4.2.1) lib/web_console/middleware.rb:17:in `call'
actionpack (8.0.2) lib/action_dispatch/middleware/show_exceptions.rb:32:in `call'
railties (8.0.2) lib/rails/rack/logger.rb:41:in `call_app'
railties (8.0.2) lib/rails/rack/logger.rb:29:in `call'
actionpack (8.0.2) lib/action_dispatch/middleware/remote_ip.rb:96:in `call'
actionpack (8.0.2) lib/action_dispatch/middleware/request_id.rb:34:in `call'
rack (3.1.16) lib/rack/method_override.rb:28:in `call'
rack (3.1.16) lib/rack/runtime.rb:24:in `call'
actionpack (8.0.2) lib/action_dispatch/middleware/server_timing.rb:61:in `block in call'
actionpack (8.0.2) lib/action_dispatch/middleware/server_timing.rb:26:in `collect_events'
actionpack (8.0.2) lib/action_dispatch/middleware/server_timing.rb:60:in `call'
actionpack (8.0.2) lib/action_dispatch/middleware/executor.rb:16:in `call'
actionpack (8.0.2) lib/action_dispatch/middleware/static.rb:27:in `call'
rack (3.1.16) lib/rack/sendfile.rb:114:in `call'
actionpack (8.0.2) lib/action_dispatch/middleware/host_authorization.rb:143:in `call'
railties (8.0.2) lib/rails/engine.rb:535:in `call'
puma (6.6.0) lib/puma/configuration.rb:279:in `call'
puma (6.6.0) lib/puma/request.rb:99:in `block in handle_request'
puma (6.6.0) lib/puma/thread_pool.rb:390:in `with_force_shutdown'
puma (6.6.0) lib/puma/request.rb:98:in `handle_request'
puma (6.6.0) lib/puma/server.rb:472:in `process_client'
puma (6.6.0) lib/puma/server.rb:254:in `block in run'
puma (6.6.0) lib/puma/thread_pool.rb:167:in `block in spawn_thread'
  [1m[36mActiveRecord::InternalMetadata Load (0.2ms)[0m  [1m[34mSELECT * FROM "ar_internal_metadata" WHERE "ar_internal_metadata"."key" = 'environment' ORDER BY "ar_internal_metadata"."key" ASC LIMIT 1 /*application='PrivateEvents'*/[0m
  [1m[36mActiveRecord::InternalMetadata Create (0.8ms)[0m  [1m[32mINSERT INTO "ar_internal_metadata" ("key", "value", "created_at", "updated_at") VALUES ('environment', 'development', '2025-06-09 05:33:48.409982', '2025-06-09 05:33:48.409983') RETURNING "key" /*application='PrivateEvents'*/[0m
  [1m[36mActiveRecord::SchemaMigration Load (0.0ms)[0m  [1m[34mSELECT "schema_migrations"."version" FROM "schema_migrations" ORDER BY "schema_migrations"."version" ASC /*application='PrivateEvents'*/[0m
Migrating to CreateEvents (20250609052712)
  [1m[36mTRANSACTION (0.0ms)[0m  [1m[35mBEGIN immediate TRANSACTION /*application='PrivateEvents'*/[0m
  [1m[35m (0.5ms)[0m  [1m[35mCREATE TABLE "events" ("id" integer PRIMARY KEY AUTOINCREMENT NOT NULL, "created_at" datetime(6) NOT NULL, "updated_at" datetime(6) NOT NULL) /*application='PrivateEvents'*/[0m
  [1m[36mActiveRecord::SchemaMigration Create (0.0ms)[0m  [1m[32mINSERT INTO "schema_migrations" ("version") VALUES ('20250609052712') RETURNING "version" /*application='PrivateEvents'*/[0m
  [1m[36mTRANSACTION (0.0ms)[0m  [1m[35mCOMMIT TRANSACTION /*application='PrivateEvents'*/[0m
  [1m[36mActiveRecord::SchemaMigration Load (0.0ms)[0m  [1m[34mSELECT "schema_migrations"."version" FROM "schema_migrations" ORDER BY "schema_migrations"."version" ASC /*application='PrivateEvents'*/[0m
Started GET "/" for 127.0.0.1 at 2025-06-09 15:33:50 +1000
  [1m[36mActiveRecord::SchemaMigration Load (0.0ms)[0m  [1m[34mSELECT "schema_migrations"."version" FROM "schema_migrations" ORDER BY "schema_migrations"."version" ASC /*application='PrivateEvents'*/[0m
Processing by EventsController#index as HTML
  Rendering layout layouts/application.html.erb
  Rendering events/index.html.erb within layouts/application
  [1m[36mEvent Load (0.4ms)[0m  [1m[34mSELECT "events".* FROM "events" /*action='index',application='PrivateEvents',controller='events'*/[0m
  ↳ app/views/events/index.html.erb:4
  Rendered events/index.html.erb within layouts/application (Duration: 1.0ms | GC: 0.0ms)
  Rendered layout layouts/application.html.erb (Duration: 9.4ms | GC: 3.1ms)
Completed 200 OK in 92ms (Views: 9.7ms | ActiveRecord: 0.7ms (1 query, 0 cached) | GC: 3.1ms)


  [1m[36mActiveRecord::SchemaMigration Load (0.1ms)[0m  [1m[34mSELECT "schema_migrations"."version" FROM "schema_migrations" ORDER BY "schema_migrations"."version" ASC /*application='PrivateEvents'*/[0m
  [1m[36mCACHE ActiveRecord::SchemaMigration Load (0.0ms)[0m  [1m[34mSELECT "schema_migrations"."version" FROM "schema_migrations" ORDER BY "schema_migrations"."version" ASC[0m
  [1m[36mActiveRecord::InternalMetadata Load (0.0ms)[0m  [1m[34mSELECT * FROM "ar_internal_metadata" WHERE "ar_internal_metadata"."key" = 'environment' ORDER BY "ar_internal_metadata"."key" ASC LIMIT 1 /*application='PrivateEvents'*/[0m
  [1m[36mActiveRecord::SchemaMigration Load (0.0ms)[0m  [1m[34mSELECT "schema_migrations"."version" FROM "schema_migrations" ORDER BY "schema_migrations"."version" ASC /*application='PrivateEvents'*/[0m
Migrating to DeviseCreateUsers (20250609053543)
  [1m[36mTRANSACTION (0.0ms)[0m  [1m[35mBEGIN immediate TRANSACTION /*application='PrivateEvents'*/[0m
  [1m[35m (0.4ms)[0m  [1m[35mCREATE TABLE "users" ("id" integer PRIMARY KEY AUTOINCREMENT NOT NULL, "email" varchar DEFAULT '' NOT NULL, "encrypted_password" varchar DEFAULT '' NOT NULL, "reset_password_token" varchar, "reset_password_sent_at" datetime(6), "remember_created_at" datetime(6), "created_at" datetime(6) NOT NULL, "updated_at" datetime(6) NOT NULL) /*application='PrivateEvents'*/[0m
  [1m[35m (0.0ms)[0m  [1m[35mCREATE UNIQUE INDEX "index_users_on_email" ON "users" ("email") /*application='PrivateEvents'*/[0m
  [1m[35m (0.0ms)[0m  [1m[35mCREATE UNIQUE INDEX "index_users_on_reset_password_token" ON "users" ("reset_password_token") /*application='PrivateEvents'*/[0m
  [1m[36mActiveRecord::SchemaMigration Create (0.0ms)[0m  [1m[32mINSERT INTO "schema_migrations" ("version") VALUES ('20250609053543') RETURNING "version" /*application='PrivateEvents'*/[0m
  [1m[36mTRANSACTION (0.2ms)[0m  [1m[35mCOMMIT TRANSACTION /*application='PrivateEvents'*/[0m
  [1m[36mActiveRecord::SchemaMigration Load (0.0ms)[0m  [1m[34mSELECT "schema_migrations"."version" FROM "schema_migrations" ORDER BY "schema_migrations"."version" ASC /*application='PrivateEvents'*/[0m
  [1m[36mCACHE ActiveRecord::SchemaMigration Load (0.0ms)[0m  [1m[34mSELECT "schema_migrations"."version" FROM "schema_migrations" ORDER BY "schema_migrations"."version" ASC[0m
  [1m[36mActiveRecord::InternalMetadata Load (0.2ms)[0m  [1m[34mSELECT * FROM "ar_internal_metadata" WHERE "ar_internal_metadata"."key" = 'environment' ORDER BY "ar_internal_metadata"."key" ASC LIMIT 1 /*application='PrivateEvents'*/[0m
  [1m[36mActiveRecord::SchemaMigration Load (0.0ms)[0m  [1m[34mSELECT "schema_migrations"."version" FROM "schema_migrations" ORDER BY "schema_migrations"."version" ASC /*application='PrivateEvents'*/[0m
Migrating to AddCreatorToEvents (20250609060405)
  [1m[36mTRANSACTION (0.0ms)[0m  [1m[35mBEGIN immediate TRANSACTION /*application='PrivateEvents'*/[0m
  [1m[35mSQL (0.0ms)[0m  [1m[35mPRAGMA foreign_keys /*application='PrivateEvents'*/[0m
  [1m[35mSQL (0.0ms)[0m  [1m[35mPRAGMA defer_foreign_keys /*application='PrivateEvents'*/[0m
  [1m[35m (0.0ms)[0m  [1m[35mPRAGMA defer_foreign_keys = ON /*application='PrivateEvents'*/[0m
  [1m[35m (0.0ms)[0m  [1m[35mPRAGMA foreign_keys = OFF /*application='PrivateEvents'*/[0m
  [1m[35m (0.1ms)[0m  [1m[35mCREATE TEMPORARY TABLE "aevents" ("id" integer PRIMARY KEY AUTOINCREMENT NOT NULL, "created_at" datetime(6) NOT NULL, "updated_at" datetime(6) NOT NULL) /*application='PrivateEvents'*/[0m
  [1m[35mSQL (0.0ms)[0m  [1m[32mINSERT INTO "aevents" ("id","created_at","updated_at")
                     SELECT "id","created_at","updated_at" FROM "events" /*application='PrivateEvents'*/[0m
  [1m[35m (0.0ms)[0m  [1m[35mDROP TABLE "events" /*application='PrivateEvents'*/[0m
  [1m[35m (0.0ms)[0m  [1m[35mCREATE TABLE "events" ("id" integer PRIMARY KEY AUTOINCREMENT NOT NULL, "created_at" datetime(6) NOT NULL, "updated_at" datetime(6) NOT NULL, "creator_id" integer NOT NULL) /*application='PrivateEvents'*/[0m
  [1m[35mSQL (0.0ms)[0m  [1m[32mINSERT INTO "events" ("id","created_at","updated_at")
                     SELECT "id","created_at","updated_at" FROM "aevents" /*application='PrivateEvents'*/[0m
  [1m[35m (0.0ms)[0m  [1m[35mDROP TABLE "aevents" /*application='PrivateEvents'*/[0m
  [1m[35m (0.0ms)[0m  [1m[35mPRAGMA defer_foreign_keys = 0 /*application='PrivateEvents'*/[0m
  [1m[35m (0.0ms)[0m  [1m[35mPRAGMA foreign_keys = 1 /*application='PrivateEvents'*/[0m
  [1m[35m (0.0ms)[0m  [1m[35mCREATE INDEX "index_events_on_creator_id" ON "events" ("creator_id") /*application='PrivateEvents'*/[0m
  [1m[35mSQL (0.0ms)[0m  [1m[35mPRAGMA foreign_keys /*application='PrivateEvents'*/[0m
  [1m[35mSQL (0.0ms)[0m  [1m[35mPRAGMA defer_foreign_keys /*application='PrivateEvents'*/[0m
  [1m[35m (0.0ms)[0m  [1m[35mPRAGMA defer_foreign_keys = ON /*application='PrivateEvents'*/[0m
  [1m[35m (0.0ms)[0m  [1m[35mPRAGMA foreign_keys = OFF /*application='PrivateEvents'*/[0m
  [1m[35m (0.0ms)[0m  [1m[35mCREATE TEMPORARY TABLE "aevents" ("id" integer PRIMARY KEY AUTOINCREMENT NOT NULL, "created_at" datetime(6) NOT NULL, "updated_at" datetime(6) NOT NULL, "creator_id" integer NOT NULL) /*application='PrivateEvents'*/[0m
  [1m[35m (0.0ms)[0m  [1m[35mCREATE INDEX "tindex_aevents_on_creator_id" ON "aevents" ("creator_id") /*application='PrivateEvents'*/[0m
  [1m[35mSQL (0.0ms)[0m  [1m[32mINSERT INTO "aevents" ("id","created_at","updated_at","creator_id")
                     SELECT "id","created_at","updated_at","creator_id" FROM "events" /*application='PrivateEvents'*/[0m
  [1m[35m (0.0ms)[0m  [1m[35mDROP TABLE "events" /*application='PrivateEvents'*/[0m
  [1m[35m (0.0ms)[0m  [1m[35mCREATE TABLE "events" ("id" integer PRIMARY KEY AUTOINCREMENT NOT NULL, "created_at" datetime(6) NOT NULL, "updated_at" datetime(6) NOT NULL, "creator_id" integer NOT NULL, CONSTRAINT "fk_rails_15c34a9137"
FOREIGN KEY ("creator_id")
  REFERENCES "creators" ("id")
) /*application='PrivateEvents'*/[0m
  [1m[35m (0.0ms)[0m  [1m[35mCREATE INDEX "index_events_on_creator_id" ON "events" ("creator_id") /*application='PrivateEvents'*/[0m
  [1m[35mSQL (0.1ms)[0m  [1m[32mINSERT INTO "events" ("id","created_at","updated_at","creator_id")
                     SELECT "id","created_at","updated_at","creator_id" FROM "aevents" /*application='PrivateEvents'*/[0m
  [1m[35m (0.0ms)[0m  [1m[35mPRAGMA defer_foreign_keys = 0 /*application='PrivateEvents'*/[0m
  [1m[35m (0.0ms)[0m  [1m[35mPRAGMA foreign_keys = 1 /*application='PrivateEvents'*/[0m
  [1m[36mTRANSACTION (0.0ms)[0m  [1m[31mROLLBACK TRANSACTION /*application='PrivateEvents'*/[0m
  [1m[36mActiveRecord::InternalMetadata Load (0.1ms)[0m  [1m[34mSELECT * FROM "ar_internal_metadata" WHERE "ar_internal_metadata"."key" = 'environment' ORDER BY "ar_internal_metadata"."key" ASC LIMIT 1 /*application='PrivateEvents'*/[0m
  [1m[36mActiveRecord::SchemaMigration Load (0.0ms)[0m  [1m[34mSELECT "schema_migrations"."version" FROM "schema_migrations" ORDER BY "schema_migrations"."version" ASC /*application='PrivateEvents'*/[0m
Migrating to AddCreatorToEvents (20250609060405)
  [1m[36mTRANSACTION (0.0ms)[0m  [1m[35mBEGIN immediate TRANSACTION /*application='PrivateEvents'*/[0m
  [1m[35mSQL (0.0ms)[0m  [1m[35mPRAGMA foreign_keys /*application='PrivateEvents'*/[0m
  [1m[35mSQL (0.0ms)[0m  [1m[35mPRAGMA defer_foreign_keys /*application='PrivateEvents'*/[0m
  [1m[35m (0.0ms)[0m  [1m[35mPRAGMA defer_foreign_keys = ON /*application='PrivateEvents'*/[0m
  [1m[35m (0.0ms)[0m  [1m[35mPRAGMA foreign_keys = OFF /*application='PrivateEvents'*/[0m
  [1m[35m (0.1ms)[0m  [1m[35mCREATE TEMPORARY TABLE "aevents" ("id" integer PRIMARY KEY AUTOINCREMENT NOT NULL, "created_at" datetime(6) NOT NULL, "updated_at" datetime(6) NOT NULL) /*application='PrivateEvents'*/[0m
  [1m[35mSQL (0.0ms)[0m  [1m[32mINSERT INTO "aevents" ("id","created_at","updated_at")
                     SELECT "id","created_at","updated_at" FROM "events" /*application='PrivateEvents'*/[0m
  [1m[35m (0.0ms)[0m  [1m[35mDROP TABLE "events" /*application='PrivateEvents'*/[0m
  [1m[35m (0.0ms)[0m  [1m[35mCREATE TABLE "events" ("id" integer PRIMARY KEY AUTOINCREMENT NOT NULL, "created_at" datetime(6) NOT NULL, "updated_at" datetime(6) NOT NULL, "creator_id" integer NOT NULL) /*application='PrivateEvents'*/[0m
  [1m[35mSQL (0.0ms)[0m  [1m[32mINSERT INTO "events" ("id","created_at","updated_at")
                     SELECT "id","created_at","updated_at" FROM "aevents" /*application='PrivateEvents'*/[0m
  [1m[35m (0.0ms)[0m  [1m[35mDROP TABLE "aevents" /*application='PrivateEvents'*/[0m
  [1m[35m (0.0ms)[0m  [1m[35mPRAGMA defer_foreign_keys = 0 /*application='PrivateEvents'*/[0m
  [1m[35m (0.0ms)[0m  [1m[35mPRAGMA foreign_keys = 1 /*application='PrivateEvents'*/[0m
  [1m[35m (0.0ms)[0m  [1m[35mCREATE INDEX "index_events_on_creator_id" ON "events" ("creator_id") /*application='PrivateEvents'*/[0m
  [1m[35mSQL (0.0ms)[0m  [1m[35mPRAGMA foreign_keys /*application='PrivateEvents'*/[0m
  [1m[35mSQL (0.0ms)[0m  [1m[35mPRAGMA defer_foreign_keys /*application='PrivateEvents'*/[0m
  [1m[35m (0.0ms)[0m  [1m[35mPRAGMA defer_foreign_keys = ON /*application='PrivateEvents'*/[0m
  [1m[35m (0.0ms)[0m  [1m[35mPRAGMA foreign_keys = OFF /*application='PrivateEvents'*/[0m
  [1m[35m (0.0ms)[0m  [1m[35mCREATE TEMPORARY TABLE "aevents" ("id" integer PRIMARY KEY AUTOINCREMENT NOT NULL, "created_at" datetime(6) NOT NULL, "updated_at" datetime(6) NOT NULL, "creator_id" integer NOT NULL) /*application='PrivateEvents'*/[0m
  [1m[35m (0.0ms)[0m  [1m[35mCREATE INDEX "tindex_aevents_on_creator_id" ON "aevents" ("creator_id") /*application='PrivateEvents'*/[0m
  [1m[35mSQL (0.0ms)[0m  [1m[32mINSERT INTO "aevents" ("id","created_at","updated_at","creator_id")
                     SELECT "id","created_at","updated_at","creator_id" FROM "events" /*application='PrivateEvents'*/[0m
  [1m[35m (0.0ms)[0m  [1m[35mDROP TABLE "events" /*application='PrivateEvents'*/[0m
  [1m[35m (0.0ms)[0m  [1m[35mCREATE TABLE "events" ("id" integer PRIMARY KEY AUTOINCREMENT NOT NULL, "created_at" datetime(6) NOT NULL, "updated_at" datetime(6) NOT NULL, "creator_id" integer NOT NULL, CONSTRAINT "fk_rails_15c34a9137"
FOREIGN KEY ("creator_id")
  REFERENCES "users" ("id")
) /*application='PrivateEvents'*/[0m
  [1m[35m (0.0ms)[0m  [1m[35mCREATE INDEX "index_events_on_creator_id" ON "events" ("creator_id") /*application='PrivateEvents'*/[0m
  [1m[35mSQL (0.0ms)[0m  [1m[32mINSERT INTO "events" ("id","created_at","updated_at","creator_id")
                     SELECT "id","created_at","updated_at","creator_id" FROM "aevents" /*application='PrivateEvents'*/[0m
  [1m[35m (0.0ms)[0m  [1m[35mDROP TABLE "aevents" /*application='PrivateEvents'*/[0m
  [1m[35m (0.0ms)[0m  [1m[35mPRAGMA defer_foreign_keys = 0 /*application='PrivateEvents'*/[0m
  [1m[35m (0.0ms)[0m  [1m[35mPRAGMA foreign_keys = 1 /*application='PrivateEvents'*/[0m
  [1m[36mActiveRecord::SchemaMigration Create (0.1ms)[0m  [1m[32mINSERT INTO "schema_migrations" ("version") VALUES ('20250609060405') RETURNING "version" /*application='PrivateEvents'*/[0m
  [1m[36mTRANSACTION (0.3ms)[0m  [1m[35mCOMMIT TRANSACTION /*application='PrivateEvents'*/[0m
  [1m[36mActiveRecord::SchemaMigration Load (0.0ms)[0m  [1m[34mSELECT "schema_migrations"."version" FROM "schema_migrations" ORDER BY "schema_migrations"."version" ASC /*application='PrivateEvents'*/[0m
  [1m[36mCACHE ActiveRecord::SchemaMigration Load (0.0ms)[0m  [1m[34mSELECT "schema_migrations"."version" FROM "schema_migrations" ORDER BY "schema_migrations"."version" ASC[0m
  [1m[36mActiveRecord::InternalMetadata Load (0.0ms)[0m  [1m[34mSELECT * FROM "ar_internal_metadata" WHERE "ar_internal_metadata"."key" = 'environment' ORDER BY "ar_internal_metadata"."key" ASC LIMIT 1 /*application='PrivateEvents'*/[0m
  [1m[36mActiveRecord::SchemaMigration Load (0.0ms)[0m  [1m[34mSELECT "schema_migrations"."version" FROM "schema_migrations" ORDER BY "schema_migrations"."version" ASC /*application='PrivateEvents'*/[0m
Migrating to CreateAttendances (20250609060956)
  [1m[36mTRANSACTION (0.0ms)[0m  [1m[35mBEGIN immediate TRANSACTION /*application='PrivateEvents'*/[0m
  [1m[35m (0.4ms)[0m  [1m[35mCREATE TABLE "attendances" ("id" integer PRIMARY KEY AUTOINCREMENT NOT NULL, "created_at" datetime(6) NOT NULL, "updated_at" datetime(6) NOT NULL) /*application='PrivateEvents'*/[0m
  [1m[36mActiveRecord::SchemaMigration Create (0.0ms)[0m  [1m[32mINSERT INTO "schema_migrations" ("version") VALUES ('20250609060956') RETURNING "version" /*application='PrivateEvents'*/[0m
  [1m[36mTRANSACTION (0.2ms)[0m  [1m[35mCOMMIT TRANSACTION /*application='PrivateEvents'*/[0m
  [1m[36mActiveRecord::SchemaMigration Load (0.0ms)[0m  [1m[34mSELECT "schema_migrations"."version" FROM "schema_migrations" ORDER BY "schema_migrations"."version" ASC /*application='PrivateEvents'*/[0m
Started GET "/" for 127.0.0.1 at 2025-06-09 16:24:11 +1000
  
NoMethodError (undefined method `devise_for' for an instance of ActionDispatch::Routing::Mapper):
  
config/routes.rb:2:in `block in <main>'
config/routes.rb:1:in `<main>'
Started GET "/" for 127.0.0.1 at 2025-06-09 16:32:05 +1000
  
NoMethodError (undefined method `devise_for' for an instance of ActionDispatch::Routing::Mapper):
  
config/routes.rb:2:in `block in <main>'
config/routes.rb:1:in `<main>'
Started GET "/" for 127.0.0.1 at 2025-06-09 16:32:06 +1000
  [1m[36mActiveRecord::SchemaMigration Load (0.0ms)[0m  [1m[34mSELECT "schema_migrations"."version" FROM "schema_migrations" ORDER BY "schema_migrations"."version" ASC /*application='PrivateEvents'*/[0m
  
ActionController::RoutingError (No route matches [GET] "/"):
  
Started GET "/" for 127.0.0.1 at 2025-06-09 16:32:07 +1000
  
ActionController::RoutingError (No route matches [GET] "/"):
  
Started GET "/" for 127.0.0.1 at 2025-06-09 16:32:44 +1000
  
NoMethodError (undefined method `devise_for' for an instance of ActionDispatch::Routing::Mapper):
  
config/routes.rb:2:in `block in <main>'
config/routes.rb:1:in `<main>'
Started GET "/" for 127.0.0.1 at 2025-06-09 16:32:45 +1000
  
ActionController::RoutingError (No route matches [GET] "/"):
  
Started GET "/" for 127.0.0.1 at 2025-06-09 16:32:46 +1000
  
ActionController::RoutingError (No route matches [GET] "/"):
  
Started GET "/" for 127.0.0.1 at 2025-06-09 16:32:46 +1000
  
ActionController::RoutingError (No route matches [GET] "/"):
  
Started GET "/" for 127.0.0.1 at 2025-06-09 16:32:47 +1000
  
ActionController::RoutingError (No route matches [GET] "/"):
  
Started GET "/" for 127.0.0.1 at 2025-06-09 16:33:33 +1000
  [1m[36mActiveRecord::SchemaMigration Load (0.0ms)[0m  [1m[34mSELECT "schema_migrations"."version" FROM "schema_migrations" ORDER BY "schema_migrations"."version" ASC /*application='PrivateEvents'*/[0m
Processing by EventsController#index as HTML
Completed 401 Unauthorized in 63ms (ActiveRecord: 0.0ms (0 queries, 0 cached) | GC: 0.0ms)


Started GET "/users/sign_in" for 127.0.0.1 at 2025-06-09 16:33:33 +1000
Processing by Devise::SessionsController#new as HTML
  Rendering layout layouts/application.html.erb
  Rendering /Users/petar/.rbenv/versions/3.3.8/lib/ruby/gems/3.3.0/gems/devise-4.9.4/app/views/devise/sessions/new.html.erb within layouts/application
  Rendered /Users/petar/.rbenv/versions/3.3.8/lib/ruby/gems/3.3.0/gems/devise-4.9.4/app/views/devise/shared/_links.html.erb (Duration: 0.3ms | GC: 0.0ms)
  Rendered /Users/petar/.rbenv/versions/3.3.8/lib/ruby/gems/3.3.0/gems/devise-4.9.4/app/views/devise/sessions/new.html.erb within layouts/application (Duration: 4.3ms | GC: 0.0ms)
  Rendered layout layouts/application.html.erb (Duration: 15.5ms | GC: 6.5ms)
Completed 200 OK in 43ms (Views: 18.4ms | ActiveRecord: 0.7ms (0 queries, 0 cached) | GC: 6.5ms)


Started GET "/users/sign_in" for 127.0.0.1 at 2025-06-09 16:33:34 +1000
Processing by Devise::SessionsController#new as HTML
  Rendering layout layouts/application.html.erb
  Rendering /Users/petar/.rbenv/versions/3.3.8/lib/ruby/gems/3.3.0/gems/devise-4.9.4/app/views/devise/sessions/new.html.erb within layouts/application
  Rendered /Users/petar/.rbenv/versions/3.3.8/lib/ruby/gems/3.3.0/gems/devise-4.9.4/app/views/devise/shared/_links.html.erb (Duration: 0.1ms | GC: 0.0ms)
  Rendered /Users/petar/.rbenv/versions/3.3.8/lib/ruby/gems/3.3.0/gems/devise-4.9.4/app/views/devise/sessions/new.html.erb within layouts/application (Duration: 0.6ms | GC: 0.0ms)
  Rendered layout layouts/application.html.erb (Duration: 0.9ms | GC: 0.0ms)
Completed 200 OK in 47ms (Views: 1.1ms | ActiveRecord: 0.0ms (0 queries, 0 cached) | GC: 1.3ms)


Started POST "/users/sign_in" for 127.0.0.1 at 2025-06-09 16:33:47 +1000
Processing by Devise::SessionsController#create as TURBO_STREAM
  Parameters: {"authenticity_token"=>"[FILTERED]", "user"=>{"email"=>"[FILTERED]", "password"=>"[FILTERED]", "remember_me"=>"1"}, "commit"=>"Log in"}
  [1m[36mUser Load (0.1ms)[0m  [1m[34mSELECT "users".* FROM "users" WHERE "users"."email" = 'hhff@ghf.com' ORDER BY "users"."id" ASC LIMIT 1 /*action='create',application='PrivateEvents',controller='sessions'*/[0m
Completed 401 Unauthorized in 45ms (ActiveRecord: 0.1ms (1 query, 0 cached) | GC: 0.5ms)


Processing by Devise::SessionsController#new as TURBO_STREAM
  Parameters: {"authenticity_token"=>"[FILTERED]", "user"=>{"email"=>"[FILTERED]", "password"=>"[FILTERED]", "remember_me"=>"1"}, "commit"=>"Log in"}
  Rendering layout layouts/application.html.erb
  Rendering /Users/petar/.rbenv/versions/3.3.8/lib/ruby/gems/3.3.0/gems/devise-4.9.4/app/views/devise/sessions/new.html.erb within layouts/application
  Rendered /Users/petar/.rbenv/versions/3.3.8/lib/ruby/gems/3.3.0/gems/devise-4.9.4/app/views/devise/shared/_links.html.erb (Duration: 0.1ms | GC: 0.0ms)
  Rendered /Users/petar/.rbenv/versions/3.3.8/lib/ruby/gems/3.3.0/gems/devise-4.9.4/app/views/devise/sessions/new.html.erb within layouts/application (Duration: 1.5ms | GC: 0.0ms)
  Rendered layout layouts/application.html.erb (Duration: 1.7ms | GC: 0.0ms)
Completed 200 OK in 211ms (Views: 1.9ms | ActiveRecord: 0.0ms (0 queries, 0 cached) | GC: 0.0ms)


Started POST "/users/sign_in" for 127.0.0.1 at 2025-06-09 16:33:53 +1000
Processing by Devise::SessionsController#create as TURBO_STREAM
  Parameters: {"authenticity_token"=>"[FILTERED]", "user"=>{"email"=>"[FILTERED]", "password"=>"[FILTERED]", "remember_me"=>"1"}, "commit"=>"Log in"}
  [1m[36mUser Load (0.1ms)[0m  [1m[34mSELECT "users".* FROM "users" WHERE "users"."email" = 'hhff@ghf.com' ORDER BY "users"."id" ASC LIMIT 1 /*action='create',application='PrivateEvents',controller='sessions'*/[0m
Completed 401 Unauthorized in 46ms (ActiveRecord: 0.1ms (1 query, 0 cached) | GC: 0.4ms)


Processing by Devise::SessionsController#new as TURBO_STREAM
  Parameters: {"authenticity_token"=>"[FILTERED]", "user"=>{"email"=>"[FILTERED]", "password"=>"[FILTERED]", "remember_me"=>"1"}, "commit"=>"Log in"}
  Rendering layout layouts/application.html.erb
  Rendering /Users/petar/.rbenv/versions/3.3.8/lib/ruby/gems/3.3.0/gems/devise-4.9.4/app/views/devise/sessions/new.html.erb within layouts/application
  Rendered /Users/petar/.rbenv/versions/3.3.8/lib/ruby/gems/3.3.0/gems/devise-4.9.4/app/views/devise/shared/_links.html.erb (Duration: 0.1ms | GC: 0.0ms)
  Rendered /Users/petar/.rbenv/versions/3.3.8/lib/ruby/gems/3.3.0/gems/devise-4.9.4/app/views/devise/sessions/new.html.erb within layouts/application (Duration: 0.5ms | GC: 0.0ms)
  Rendered layout layouts/application.html.erb (Duration: 0.7ms | GC: 0.0ms)
Completed 200 OK in 197ms (Views: 0.9ms | ActiveRecord: 0.0ms (0 queries, 0 cached) | GC: 0.0ms)


Started POST "/users/sign_in" for 127.0.0.1 at 2025-06-09 16:33:55 +1000
Processing by Devise::SessionsController#create as TURBO_STREAM
  Parameters: {"authenticity_token"=>"[FILTERED]", "user"=>{"email"=>"[FILTERED]", "password"=>"[FILTERED]", "remember_me"=>"1"}, "commit"=>"Log in"}
Completed 401 Unauthorized in 42ms (ActiveRecord: 0.0ms (0 queries, 0 cached) | GC: 0.0ms)


Processing by Devise::SessionsController#new as TURBO_STREAM
  Parameters: {"authenticity_token"=>"[FILTERED]", "user"=>{"email"=>"[FILTERED]", "password"=>"[FILTERED]", "remember_me"=>"1"}, "commit"=>"Log in"}
  Rendering layout layouts/application.html.erb
  Rendering /Users/petar/.rbenv/versions/3.3.8/lib/ruby/gems/3.3.0/gems/devise-4.9.4/app/views/devise/sessions/new.html.erb within layouts/application
  Rendered /Users/petar/.rbenv/versions/3.3.8/lib/ruby/gems/3.3.0/gems/devise-4.9.4/app/views/devise/shared/_links.html.erb (Duration: 0.0ms | GC: 0.0ms)
  Rendered /Users/petar/.rbenv/versions/3.3.8/lib/ruby/gems/3.3.0/gems/devise-4.9.4/app/views/devise/sessions/new.html.erb within layouts/application (Duration: 0.4ms | GC: 0.0ms)
  Rendered layout layouts/application.html.erb (Duration: 0.5ms | GC: 0.0ms)
Completed 200 OK in 25ms (Views: 0.6ms | ActiveRecord: 0.0ms (0 queries, 0 cached) | GC: 0.0ms)


Started POST "/users/sign_in" for 127.0.0.1 at 2025-06-09 16:33:55 +1000
Processing by Devise::SessionsController#create as TURBO_STREAM
  Parameters: {"authenticity_token"=>"[FILTERED]", "user"=>{"email"=>"[FILTERED]", "password"=>"[FILTERED]", "remember_me"=>"1"}, "commit"=>"Log in"}
Completed 401 Unauthorized in 43ms (ActiveRecord: 0.0ms (0 queries, 0 cached) | GC: 0.0ms)


Processing by Devise::SessionsController#new as TURBO_STREAM
  Parameters: {"authenticity_token"=>"[FILTERED]", "user"=>{"email"=>"[FILTERED]", "password"=>"[FILTERED]", "remember_me"=>"1"}, "commit"=>"Log in"}
  Rendering layout layouts/application.html.erb
  Rendering /Users/petar/.rbenv/versions/3.3.8/lib/ruby/gems/3.3.0/gems/devise-4.9.4/app/views/devise/sessions/new.html.erb within layouts/application
  Rendered /Users/petar/.rbenv/versions/3.3.8/lib/ruby/gems/3.3.0/gems/devise-4.9.4/app/views/devise/shared/_links.html.erb (Duration: 0.1ms | GC: 0.0ms)
  Rendered /Users/petar/.rbenv/versions/3.3.8/lib/ruby/gems/3.3.0/gems/devise-4.9.4/app/views/devise/sessions/new.html.erb within layouts/application (Duration: 0.5ms | GC: 0.0ms)
  Rendered layout layouts/application.html.erb (Duration: 0.7ms | GC: 0.0ms)
Completed 200 OK in 25ms (Views: 0.8ms | ActiveRecord: 0.0ms (0 queries, 0 cached) | GC: 0.0ms)


Started POST "/users/sign_in" for 127.0.0.1 at 2025-06-09 16:33:57 +1000
Processing by Devise::SessionsController#create as TURBO_STREAM
  Parameters: {"authenticity_token"=>"[FILTERED]", "user"=>{"email"=>"[FILTERED]", "password"=>"[FILTERED]", "remember_me"=>"1"}, "commit"=>"Log in"}
Completed 401 Unauthorized in 46ms (ActiveRecord: 0.0ms (0 queries, 0 cached) | GC: 0.0ms)


Processing by Devise::SessionsController#new as TURBO_STREAM
  Parameters: {"authenticity_token"=>"[FILTERED]", "user"=>{"email"=>"[FILTERED]", "password"=>"[FILTERED]", "remember_me"=>"1"}, "commit"=>"Log in"}
  Rendering layout layouts/application.html.erb
  Rendering /Users/petar/.rbenv/versions/3.3.8/lib/ruby/gems/3.3.0/gems/devise-4.9.4/app/views/devise/sessions/new.html.erb within layouts/application
  Rendered /Users/petar/.rbenv/versions/3.3.8/lib/ruby/gems/3.3.0/gems/devise-4.9.4/app/views/devise/shared/_links.html.erb (Duration: 0.1ms | GC: 0.0ms)
  Rendered /Users/petar/.rbenv/versions/3.3.8/lib/ruby/gems/3.3.0/gems/devise-4.9.4/app/views/devise/sessions/new.html.erb within layouts/application (Duration: 5.3ms | GC: 4.8ms)
  Rendered layout layouts/application.html.erb (Duration: 5.5ms | GC: 4.8ms)
Completed 200 OK in 29ms (Views: 5.7ms | ActiveRecord: 0.0ms (0 queries, 0 cached) | GC: 4.8ms)


Started GET "/users/password/new" for 127.0.0.1 at 2025-06-09 16:34:59 +1000
Processing by Devise::PasswordsController#new as HTML
  Rendering layout layouts/application.html.erb
  Rendering /Users/petar/.rbenv/versions/3.3.8/lib/ruby/gems/3.3.0/gems/devise-4.9.4/app/views/devise/passwords/new.html.erb within layouts/application
  Rendered /Users/petar/.rbenv/versions/3.3.8/lib/ruby/gems/3.3.0/gems/devise-4.9.4/app/views/devise/shared/_error_messages.html.erb (Duration: 0.1ms | GC: 0.0ms)
  Rendered /Users/petar/.rbenv/versions/3.3.8/lib/ruby/gems/3.3.0/gems/devise-4.9.4/app/views/devise/shared/_links.html.erb (Duration: 0.2ms | GC: 0.0ms)
  Rendered /Users/petar/.rbenv/versions/3.3.8/lib/ruby/gems/3.3.0/gems/devise-4.9.4/app/views/devise/passwords/new.html.erb within layouts/application (Duration: 1.4ms | GC: 0.0ms)
  Rendered layout layouts/application.html.erb (Duration: 2.1ms | GC: 0.0ms)
Completed 200 OK in 41ms (Views: 3.0ms | ActiveRecord: 0.5ms (0 queries, 0 cached) | GC: 0.0ms)


Started GET "/users/sign_up" for 127.0.0.1 at 2025-06-09 16:34:59 +1000
Processing by Devise::RegistrationsController#new as HTML
  Rendering layout layouts/application.html.erb
  Rendering /Users/petar/.rbenv/versions/3.3.8/lib/ruby/gems/3.3.0/gems/devise-4.9.4/app/views/devise/registrations/new.html.erb within layouts/application
  Rendered /Users/petar/.rbenv/versions/3.3.8/lib/ruby/gems/3.3.0/gems/devise-4.9.4/app/views/devise/shared/_error_messages.html.erb (Duration: 0.0ms | GC: 0.0ms)
  Rendered /Users/petar/.rbenv/versions/3.3.8/lib/ruby/gems/3.3.0/gems/devise-4.9.4/app/views/devise/shared/_links.html.erb (Duration: 0.0ms | GC: 0.0ms)
  Rendered /Users/petar/.rbenv/versions/3.3.8/lib/ruby/gems/3.3.0/gems/devise-4.9.4/app/views/devise/registrations/new.html.erb within layouts/application (Duration: 0.8ms | GC: 0.0ms)
  Rendered layout layouts/application.html.erb (Duration: 0.9ms | GC: 0.0ms)
Completed 200 OK in 38ms (Views: 1.4ms | ActiveRecord: 0.0ms (0 queries, 0 cached) | GC: 0.0ms)


Started GET "/users/sign_up" for 127.0.0.1 at 2025-06-09 16:35:09 +1000
Processing by Devise::RegistrationsController#new as HTML
  Rendering layout layouts/application.html.erb
  Rendering /Users/petar/.rbenv/versions/3.3.8/lib/ruby/gems/3.3.0/gems/devise-4.9.4/app/views/devise/registrations/new.html.erb within layouts/application
  Rendered /Users/petar/.rbenv/versions/3.3.8/lib/ruby/gems/3.3.0/gems/devise-4.9.4/app/views/devise/shared/_error_messages.html.erb (Duration: 0.0ms | GC: 0.0ms)
  Rendered /Users/petar/.rbenv/versions/3.3.8/lib/ruby/gems/3.3.0/gems/devise-4.9.4/app/views/devise/shared/_links.html.erb (Duration: 0.0ms | GC: 0.0ms)
  Rendered /Users/petar/.rbenv/versions/3.3.8/lib/ruby/gems/3.3.0/gems/devise-4.9.4/app/views/devise/registrations/new.html.erb within layouts/application (Duration: 0.6ms | GC: 0.0ms)
  Rendered layout layouts/application.html.erb (Duration: 0.8ms | GC: 0.0ms)
Completed 200 OK in 42ms (Views: 0.9ms | ActiveRecord: 0.0ms (0 queries, 0 cached) | GC: 0.0ms)


Started GET "/users/sign_in" for 127.0.0.1 at 2025-06-09 16:35:25 +1000
Processing by Devise::SessionsController#new as HTML
  Rendering layout layouts/application.html.erb
  Rendering /Users/petar/.rbenv/versions/3.3.8/lib/ruby/gems/3.3.0/gems/devise-4.9.4/app/views/devise/sessions/new.html.erb within layouts/application
  Rendered /Users/petar/.rbenv/versions/3.3.8/lib/ruby/gems/3.3.0/gems/devise-4.9.4/app/views/devise/shared/_links.html.erb (Duration: 0.1ms | GC: 0.0ms)
  Rendered /Users/petar/.rbenv/versions/3.3.8/lib/ruby/gems/3.3.0/gems/devise-4.9.4/app/views/devise/sessions/new.html.erb within layouts/application (Duration: 1.0ms | GC: 0.2ms)
  Rendered layout layouts/application.html.erb (Duration: 1.2ms | GC: 0.2ms)
Completed 200 OK in 44ms (Views: 1.7ms | ActiveRecord: 0.0ms (0 queries, 0 cached) | GC: 0.2ms)


Started POST "/users" for 127.0.0.1 at 2025-06-09 16:35:25 +1000
Processing by Devise::RegistrationsController#create as TURBO_STREAM
  Parameters: {"authenticity_token"=>"[FILTERED]", "user"=>{"email"=>"[FILTERED]", "password"=>"[FILTERED]", "password_confirmation"=>"[FILTERED]"}, "commit"=>"Sign up"}
  [1m[36mTRANSACTION (0.0ms)[0m  [1m[35mBEGIN immediate TRANSACTION /*action='create',application='PrivateEvents',controller='registrations'*/[0m
  [1m[36mUser Exists? (0.6ms)[0m  [1m[34mSELECT 1 AS one FROM "users" WHERE "users"."email" = 'pete@g.com' LIMIT 1 /*action='create',application='PrivateEvents',controller='registrations'*/[0m
  [1m[36mUser Create (0.1ms)[0m  [1m[32mINSERT INTO "users" ("email", "encrypted_password", "reset_password_token", "reset_password_sent_at", "remember_created_at", "created_at", "updated_at") VALUES ('pete@g.com', '$2a$12$VlOk7dareWOi1NtJO8B1mehWLR6axD766ciuXlkbGOVCFZs69RrRG', NULL, NULL, NULL, '2025-06-09 06:35:26.207714', '2025-06-09 06:35:26.207714') RETURNING "id" /*action='create',application='PrivateEvents',controller='registrations'*/[0m
  [1m[36mTRANSACTION (0.5ms)[0m  [1m[35mCOMMIT TRANSACTION /*action='create',application='PrivateEvents',controller='registrations'*/[0m
Redirected to http://127.0.0.1:3000/
Completed 303 See Other in 225ms (ActiveRecord: 1.2ms (2 queries, 0 cached) | GC: 0.2ms)


Started GET "/" for 127.0.0.1 at 2025-06-09 16:35:26 +1000
Processing by EventsController#index as TURBO_STREAM
  [1m[36mUser Load (0.1ms)[0m  [1m[34mSELECT "users".* FROM "users" WHERE "users"."id" = 1 ORDER BY "users"."id" ASC LIMIT 1 /*action='index',application='PrivateEvents',controller='events'*/[0m
  Rendering layout layouts/application.html.erb
  Rendering events/index.html.erb within layouts/application
  [1m[36mEvent Exists? (0.0ms)[0m  [1m[34mSELECT 1 AS one FROM "events" LIMIT 1 /*action='index',application='PrivateEvents',controller='events'*/[0m
  ↳ app/views/events/index.html.erb:8
  Rendered events/index.html.erb within layouts/application (Duration: 0.7ms | GC: 0.0ms)
  Rendered layout layouts/application.html.erb (Duration: 0.9ms | GC: 0.0ms)
Completed 200 OK in 37ms (Views: 1.3ms | ActiveRecord: 0.1ms (2 queries, 0 cached) | GC: 0.3ms)


Started GET "/events/new" for 127.0.0.1 at 2025-06-09 16:35:29 +1000
Processing by EventsController#new as HTML
  [1m[36mUser Load (0.1ms)[0m  [1m[34mSELECT "users".* FROM "users" WHERE "users"."id" = 1 ORDER BY "users"."id" ASC LIMIT 1 /*action='new',application='PrivateEvents',controller='events'*/[0m
  Rendering layout layouts/application.html.erb
  Rendering events/new.html.erb within layouts/application
  Rendered events/new.html.erb within layouts/application (Duration: 6.7ms | GC: 3.5ms)
  Rendered layout layouts/application.html.erb (Duration: 6.9ms | GC: 3.5ms)
Completed 200 OK in 63ms (Views: 7.1ms | ActiveRecord: 0.1ms (1 query, 0 cached) | GC: 3.5ms)


Started GET "/events/new" for 127.0.0.1 at 2025-06-09 16:35:29 +1000
Processing by EventsController#new as HTML
  [1m[36mUser Load (0.1ms)[0m  [1m[34mSELECT "users".* FROM "users" WHERE "users"."id" = 1 ORDER BY "users"."id" ASC LIMIT 1 /*action='new',application='PrivateEvents',controller='events'*/[0m
  Rendering layout layouts/application.html.erb
  Rendering events/new.html.erb within layouts/application
  Rendered events/new.html.erb within layouts/application (Duration: 1.1ms | GC: 0.3ms)
  Rendered layout layouts/application.html.erb (Duration: 1.3ms | GC: 0.3ms)
Completed 200 OK in 46ms (Views: 1.4ms | ActiveRecord: 0.1ms (1 query, 0 cached) | GC: 0.3ms)


Started GET "/events/new" for 127.0.0.1 at 2025-06-09 16:35:31 +1000
Processing by EventsController#new as HTML
  [1m[36mUser Load (0.1ms)[0m  [1m[34mSELECT "users".* FROM "users" WHERE "users"."id" = 1 ORDER BY "users"."id" ASC LIMIT 1 /*action='new',application='PrivateEvents',controller='events'*/[0m
  Rendering layout layouts/application.html.erb
  Rendering events/new.html.erb within layouts/application
  Rendered events/new.html.erb within layouts/application (Duration: 0.9ms | GC: 0.0ms)
  Rendered layout layouts/application.html.erb (Duration: 1.1ms | GC: 0.0ms)
Completed 200 OK in 45ms (Views: 1.2ms | ActiveRecord: 0.1ms (1 query, 0 cached) | GC: 0.2ms)


Started GET "/events" for 127.0.0.1 at 2025-06-09 16:35:39 +1000
Processing by EventsController#index as HTML
  [1m[36mUser Load (0.1ms)[0m  [1m[34mSELECT "users".* FROM "users" WHERE "users"."id" = 1 ORDER BY "users"."id" ASC LIMIT 1 /*action='index',application='PrivateEvents',controller='events'*/[0m
  Rendering layout layouts/application.html.erb
  Rendering events/index.html.erb within layouts/application
  [1m[36mEvent Exists? (0.0ms)[0m  [1m[34mSELECT 1 AS one FROM "events" LIMIT 1 /*action='index',application='PrivateEvents',controller='events'*/[0m
  ↳ app/views/events/index.html.erb:8
  Rendered events/index.html.erb within layouts/application (Duration: 0.4ms | GC: 0.0ms)
  Rendered layout layouts/application.html.erb (Duration: 0.6ms | GC: 0.0ms)
Completed 200 OK in 44ms (Views: 0.7ms | ActiveRecord: 0.1ms (2 queries, 0 cached) | GC: 0.2ms)


Started POST "/events" for 127.0.0.1 at 2025-06-09 16:35:40 +1000
Processing by EventsController#create as TURBO_STREAM
  Parameters: {"authenticity_token"=>"[FILTERED]", "event"=>{"name"=>"pete", "location"=>"syd", "date(1i)"=>"2025", "date(2i)"=>"6", "date(3i)"=>"9", "date(4i)"=>"06", "date(5i)"=>"35"}, "commit"=>"Create Event"}
  [1m[36mUser Load (0.1ms)[0m  [1m[34mSELECT "users".* FROM "users" WHERE "users"."id" = 1 ORDER BY "users"."id" ASC LIMIT 1 /*action='create',application='PrivateEvents',controller='events'*/[0m
Completed 500 Internal Server Error in 46ms (ActiveRecord: 0.1ms (1 query, 0 cached) | GC: 0.0ms)


  
ActiveModel::UnknownAttributeError (unknown attribute 'name' for Event.)
Caused by: NoMethodError (undefined method `name=' for an instance of Event)

Information for: ActiveModel::UnknownAttributeError (unknown attribute 'name' for Event.):
  
app/controllers/events_controller.rb:13:in `create'

Information for cause: NoMethodError (undefined method `name=' for an instance of Event):
  
app/controllers/events_controller.rb:13:in `create'
Started GET "/" for 127.0.0.1 at 2025-06-09 16:36:54 +1000
Processing by EventsController#index as HTML
  [1m[36mUser Load (0.1ms)[0m  [1m[34mSELECT "users".* FROM "users" WHERE "users"."id" = 1 ORDER BY "users"."id" ASC LIMIT 1 /*action='index',application='PrivateEvents',controller='events'*/[0m
  Rendering layout layouts/application.html.erb
  Rendering events/index.html.erb within layouts/application
  [1m[36mEvent Exists? (0.0ms)[0m  [1m[34mSELECT 1 AS one FROM "events" LIMIT 1 /*action='index',application='PrivateEvents',controller='events'*/[0m
  ↳ app/views/events/index.html.erb:8
  Rendered events/index.html.erb within layouts/application (Duration: 0.4ms | GC: 0.0ms)
  Rendered layout layouts/application.html.erb (Duration: 0.7ms | GC: 0.0ms)
Completed 200 OK in 43ms (Views: 0.8ms | ActiveRecord: 0.1ms (2 queries, 0 cached) | GC: 0.0ms)


Started GET "/" for 127.0.0.1 at 2025-06-09 16:36:54 +1000
Processing by EventsController#index as HTML
  [1m[36mUser Load (0.1ms)[0m  [1m[34mSELECT "users".* FROM "users" WHERE "users"."id" = 1 ORDER BY "users"."id" ASC LIMIT 1 /*action='index',application='PrivateEvents',controller='events'*/[0m
  Rendering layout layouts/application.html.erb
  Rendering events/index.html.erb within layouts/application
  [1m[36mEvent Exists? (0.0ms)[0m  [1m[34mSELECT 1 AS one FROM "events" LIMIT 1 /*action='index',application='PrivateEvents',controller='events'*/[0m
  ↳ app/views/events/index.html.erb:8
  Rendered events/index.html.erb within layouts/application (Duration: 0.3ms | GC: 0.0ms)
  Rendered layout layouts/application.html.erb (Duration: 0.6ms | GC: 0.0ms)
Completed 200 OK in 26ms (Views: 0.6ms | ActiveRecord: 0.1ms (2 queries, 0 cached) | GC: 0.0ms)


Started GET "/events/new" for 127.0.0.1 at 2025-06-09 16:36:54 +1000
Processing by EventsController#new as HTML
  [1m[36mUser Load (0.1ms)[0m  [1m[34mSELECT "users".* FROM "users" WHERE "users"."id" = 1 ORDER BY "users"."id" ASC LIMIT 1 /*action='new',application='PrivateEvents',controller='events'*/[0m
  Rendering layout layouts/application.html.erb
  Rendering events/new.html.erb within layouts/application
  Rendered events/new.html.erb within layouts/application (Duration: 1.2ms | GC: 0.3ms)
  Rendered layout layouts/application.html.erb (Duration: 1.4ms | GC: 0.3ms)
Completed 200 OK in 48ms (Views: 1.5ms | ActiveRecord: 0.1ms (1 query, 0 cached) | GC: 0.3ms)


Started GET "/events/new" for 127.0.0.1 at 2025-06-09 16:37:45 +1000
Processing by EventsController#new as HTML
  [1m[36mUser Load (0.0ms)[0m  [1m[34mSELECT "users".* FROM "users" WHERE "users"."id" = 1 ORDER BY "users"."id" ASC LIMIT 1 /*action='new',application='PrivateEvents',controller='events'*/[0m
  Rendering layout layouts/application.html.erb
  Rendering events/new.html.erb within layouts/application
  Rendered events/new.html.erb within layouts/application (Duration: 1.0ms | GC: 0.0ms)
  Rendered layout layouts/application.html.erb (Duration: 1.7ms | GC: 0.0ms)
Completed 200 OK in 45ms (Views: 2.3ms | ActiveRecord: 0.7ms (1 query, 0 cached) | GC: 0.2ms)


Started POST "/events" for 127.0.0.1 at 2025-06-09 16:37:50 +1000
Processing by EventsController#create as TURBO_STREAM
  Parameters: {"authenticity_token"=>"[FILTERED]", "event"=>{"location"=>"syd", "date(1i)"=>"2025", "date(2i)"=>"6", "date(3i)"=>"9", "date(4i)"=>"06", "date(5i)"=>"37"}, "commit"=>"Create Event"}
  [1m[36mUser Load (0.1ms)[0m  [1m[34mSELECT "users".* FROM "users" WHERE "users"."id" = 1 ORDER BY "users"."id" ASC LIMIT 1 /*action='create',application='PrivateEvents',controller='events'*/[0m
Completed 500 Internal Server Error in 43ms (ActiveRecord: 0.1ms (1 query, 0 cached) | GC: 0.0ms)


  
ActiveModel::UnknownAttributeError (unknown attribute 'location' for Event.)
Caused by: NoMethodError (undefined method `location=' for an instance of Event)

Information for: ActiveModel::UnknownAttributeError (unknown attribute 'location' for Event.):
  
app/controllers/events_controller.rb:13:in `create'

Information for cause: NoMethodError (undefined method `location=' for an instance of Event):
  
app/controllers/events_controller.rb:13:in `create'
  [1m[36mCACHE ActiveRecord::SchemaMigration Load (0.0ms)[0m  [1m[34mSELECT "schema_migrations"."version" FROM "schema_migrations" ORDER BY "schema_migrations"."version" ASC[0m
  [1m[36mActiveRecord::InternalMetadata Load (0.1ms)[0m  [1m[34mSELECT * FROM "ar_internal_metadata" WHERE "ar_internal_metadata"."key" = 'environment' ORDER BY "ar_internal_metadata"."key" ASC LIMIT 1 /*application='PrivateEvents'*/[0m
  [1m[36mActiveRecord::SchemaMigration Load (0.0ms)[0m  [1m[34mSELECT "schema_migrations"."version" FROM "schema_migrations" ORDER BY "schema_migrations"."version" ASC /*application='PrivateEvents'*/[0m
Migrating to AddDetailsToEvents (20250609063828)
  [1m[36mTRANSACTION (0.0ms)[0m  [1m[35mBEGIN immediate TRANSACTION /*application='PrivateEvents'*/[0m
  [1m[35m (0.8ms)[0m  [1m[35mALTER TABLE "events" ADD "name" varchar /*application='PrivateEvents'*/[0m
  [1m[35m (0.1ms)[0m  [1m[35mALTER TABLE "events" ADD "location" varchar /*application='PrivateEvents'*/[0m
  [1m[35m (0.1ms)[0m  [1m[35mALTER TABLE "events" ADD "date" datetime(6) /*application='PrivateEvents'*/[0m
  [1m[36mActiveRecord::SchemaMigration Create (0.0ms)[0m  [1m[32mINSERT INTO "schema_migrations" ("version") VALUES ('20250609063828') RETURNING "version" /*application='PrivateEvents'*/[0m
  [1m[36mTRANSACTION (0.2ms)[0m  [1m[35mCOMMIT TRANSACTION /*application='PrivateEvents'*/[0m
  [1m[36mActiveRecord::SchemaMigration Load (0.0ms)[0m  [1m[34mSELECT "schema_migrations"."version" FROM "schema_migrations" ORDER BY "schema_migrations"."version" ASC /*application='PrivateEvents'*/[0m
  [1m[36mActiveRecord::InternalMetadata Load (0.0ms)[0m  [1m[34mSELECT * FROM "ar_internal_metadata" WHERE "ar_internal_metadata"."key" = 'environment' ORDER BY "ar_internal_metadata"."key" ASC LIMIT 1 /*application='PrivateEvents'*/[0m
  [1m[36mActiveRecord::SchemaMigration Load (0.0ms)[0m  [1m[34mSELECT "schema_migrations"."version" FROM "schema_migrations" ORDER BY "schema_migrations"."version" ASC /*application='PrivateEvents'*/[0m
  [1m[36mActiveRecord::SchemaMigration Load (0.0ms)[0m  [1m[34mSELECT "schema_migrations"."version" FROM "schema_migrations" ORDER BY "schema_migrations"."version" ASC /*application='PrivateEvents'*/[0m
Started GET "/events/new" for 127.0.0.1 at 2025-06-09 16:38:58 +1000
  [1m[36mActiveRecord::SchemaMigration Load (0.0ms)[0m  [1m[34mSELECT "schema_migrations"."version" FROM "schema_migrations" ORDER BY "schema_migrations"."version" ASC /*application='PrivateEvents'*/[0m
Processing by EventsController#new as HTML
  [1m[36mUser Load (0.0ms)[0m  [1m[34mSELECT "users".* FROM "users" WHERE "users"."id" = 1 ORDER BY "users"."id" ASC LIMIT 1 /*action='new',application='PrivateEvents',controller='events'*/[0m
  Rendering layout layouts/application.html.erb
  Rendering events/new.html.erb within layouts/application
  Rendered events/new.html.erb within layouts/application (Duration: 1.0ms | GC: 0.0ms)
  Rendered layout layouts/application.html.erb (Duration: 1.8ms | GC: 0.0ms)
Completed 200 OK in 43ms (Views: 2.5ms | ActiveRecord: 0.7ms (1 query, 0 cached) | GC: 0.1ms)


Started POST "/events" for 127.0.0.1 at 2025-06-09 16:39:01 +1000
Processing by EventsController#create as TURBO_STREAM
  Parameters: {"authenticity_token"=>"[FILTERED]", "event"=>{"name"=>"sws", "location"=>"sss", "date(1i)"=>"2025", "date(2i)"=>"6", "date(3i)"=>"9", "date(4i)"=>"06", "date(5i)"=>"38"}, "commit"=>"Create Event"}
  [1m[36mUser Load (0.1ms)[0m  [1m[34mSELECT "users".* FROM "users" WHERE "users"."id" = 1 ORDER BY "users"."id" ASC LIMIT 1 /*action='create',application='PrivateEvents',controller='events'*/[0m
  [1m[36mTRANSACTION (0.0ms)[0m  [1m[35mBEGIN immediate TRANSACTION /*action='create',application='PrivateEvents',controller='events'*/[0m
  ↳ app/controllers/events_controller.rb:15:in `create'
  [1m[36mUser Load (0.4ms)[0m  [1m[34mSELECT "users".* FROM "users" WHERE "users"."id" = 1 LIMIT 1 /*action='create',application='PrivateEvents',controller='events'*/[0m
  ↳ app/controllers/events_controller.rb:15:in `create'
  [1m[36mEvent Create (0.0ms)[0m  [1m[32mINSERT INTO "events" ("created_at", "updated_at", "creator_id", "name", "location", "date") VALUES ('2025-06-09 06:39:01.264997', '2025-06-09 06:39:01.264997', 1, 'sws', 'sss', '2025-06-09 06:38:00') RETURNING "id" /*action='create',application='PrivateEvents',controller='events'*/[0m
  ↳ app/controllers/events_controller.rb:15:in `create'
  [1m[36mTRANSACTION (0.1ms)[0m  [1m[35mCOMMIT TRANSACTION /*action='create',application='PrivateEvents',controller='events'*/[0m
  ↳ app/controllers/events_controller.rb:15:in `create'
Redirected to http://127.0.0.1:3000/events/1
Completed 302 Found in 50ms (ActiveRecord: 0.7ms (3 queries, 0 cached) | GC: 0.0ms)


Started GET "/events/1" for 127.0.0.1 at 2025-06-09 16:39:01 +1000
  
AbstractController::ActionNotFound (The action 'show' could not be found for EventsController):
  
actionpack (8.0.2) lib/abstract_controller/base.rb:158:in `process'
actionview (8.0.2) lib/action_view/rendering.rb:40:in `process'
actionpack (8.0.2) lib/action_controller/metal.rb:252:in `dispatch'
actionpack (8.0.2) lib/action_controller/metal.rb:335:in `dispatch'
actionpack (8.0.2) lib/action_dispatch/routing/route_set.rb:67:in `dispatch'
actionpack (8.0.2) lib/action_dispatch/routing/route_set.rb:50:in `serve'
actionpack (8.0.2) lib/action_dispatch/journey/router.rb:53:in `block in serve'
actionpack (8.0.2) lib/action_dispatch/journey/router.rb:133:in `block in find_routes'
actionpack (8.0.2) lib/action_dispatch/journey/router.rb:126:in `each'
actionpack (8.0.2) lib/action_dispatch/journey/router.rb:126:in `find_routes'
actionpack (8.0.2) lib/action_dispatch/journey/router.rb:34:in `serve'
actionpack (8.0.2) lib/action_dispatch/routing/route_set.rb:908:in `call'
railties (8.0.2) lib/rails/engine/lazy_route_set.rb:68:in `call'
warden (1.2.9) lib/warden/manager.rb:36:in `block in call'
warden (1.2.9) lib/warden/manager.rb:34:in `catch'
warden (1.2.9) lib/warden/manager.rb:34:in `call'
rack (3.1.16) lib/rack/tempfile_reaper.rb:20:in `call'
rack (3.1.16) lib/rack/etag.rb:29:in `call'
rack (3.1.16) lib/rack/conditional_get.rb:31:in `call'
rack (3.1.16) lib/rack/head.rb:15:in `call'
actionpack (8.0.2) lib/action_dispatch/http/permissions_policy.rb:38:in `call'
actionpack (8.0.2) lib/action_dispatch/http/content_security_policy.rb:38:in `call'
rack-session (2.1.1) lib/rack/session/abstract/id.rb:274:in `context'
rack-session (2.1.1) lib/rack/session/abstract/id.rb:268:in `call'
actionpack (8.0.2) lib/action_dispatch/middleware/cookies.rb:706:in `call'
activerecord (8.0.2) lib/active_record/migration.rb:671:in `call'
actionpack (8.0.2) lib/action_dispatch/middleware/callbacks.rb:31:in `block in call'
activesupport (8.0.2) lib/active_support/callbacks.rb:100:in `run_callbacks'
actionpack (8.0.2) lib/action_dispatch/middleware/callbacks.rb:30:in `call'
actionpack (8.0.2) lib/action_dispatch/middleware/executor.rb:16:in `call'
actionpack (8.0.2) lib/action_dispatch/middleware/actionable_exceptions.rb:18:in `call'
actionpack (8.0.2) lib/action_dispatch/middleware/debug_exceptions.rb:31:in `call'
web-console (4.2.1) lib/web_console/middleware.rb:132:in `call_app'
web-console (4.2.1) lib/web_console/middleware.rb:28:in `block in call'
web-console (4.2.1) lib/web_console/middleware.rb:17:in `catch'
web-console (4.2.1) lib/web_console/middleware.rb:17:in `call'
actionpack (8.0.2) lib/action_dispatch/middleware/show_exceptions.rb:32:in `call'
railties (8.0.2) lib/rails/rack/logger.rb:41:in `call_app'
railties (8.0.2) lib/rails/rack/logger.rb:29:in `call'
actionpack (8.0.2) lib/action_dispatch/middleware/remote_ip.rb:96:in `call'
actionpack (8.0.2) lib/action_dispatch/middleware/request_id.rb:34:in `call'
rack (3.1.16) lib/rack/method_override.rb:28:in `call'
rack (3.1.16) lib/rack/runtime.rb:24:in `call'
actionpack (8.0.2) lib/action_dispatch/middleware/server_timing.rb:61:in `block in call'
actionpack (8.0.2) lib/action_dispatch/middleware/server_timing.rb:26:in `collect_events'
actionpack (8.0.2) lib/action_dispatch/middleware/server_timing.rb:60:in `call'
actionpack (8.0.2) lib/action_dispatch/middleware/executor.rb:16:in `call'
actionpack (8.0.2) lib/action_dispatch/middleware/static.rb:27:in `call'
rack (3.1.16) lib/rack/sendfile.rb:114:in `call'
actionpack (8.0.2) lib/action_dispatch/middleware/host_authorization.rb:143:in `call'
railties (8.0.2) lib/rails/engine.rb:535:in `call'
puma (6.6.0) lib/puma/configuration.rb:279:in `call'
puma (6.6.0) lib/puma/request.rb:99:in `block in handle_request'
puma (6.6.0) lib/puma/thread_pool.rb:390:in `with_force_shutdown'
puma (6.6.0) lib/puma/request.rb:98:in `handle_request'
puma (6.6.0) lib/puma/server.rb:472:in `process_client'
puma (6.6.0) lib/puma/server.rb:254:in `block in run'
puma (6.6.0) lib/puma/thread_pool.rb:167:in `block in spawn_thread'
Started GET "/events/new" for 127.0.0.1 at 2025-06-09 16:39:01 +1000
Processing by EventsController#new as HTML
  [1m[36mUser Load (0.1ms)[0m  [1m[34mSELECT "users".* FROM "users" WHERE "users"."id" = 1 ORDER BY "users"."id" ASC LIMIT 1 /*action='new',application='PrivateEvents',controller='events'*/[0m
  Rendering layout layouts/application.html.erb
  Rendering events/new.html.erb within layouts/application
  Rendered events/new.html.erb within layouts/application (Duration: 0.7ms | GC: 0.0ms)
  Rendered layout layouts/application.html.erb (Duration: 0.9ms | GC: 0.0ms)
Completed 200 OK in 30ms (Views: 1.0ms | ActiveRecord: 0.1ms (1 query, 0 cached) | GC: 0.1ms)


Started GET "/events" for 127.0.0.1 at 2025-06-09 16:39:03 +1000
Processing by EventsController#index as HTML
  [1m[36mUser Load (0.1ms)[0m  [1m[34mSELECT "users".* FROM "users" WHERE "users"."id" = 1 ORDER BY "users"."id" ASC LIMIT 1 /*action='index',application='PrivateEvents',controller='events'*/[0m
  Rendering layout layouts/application.html.erb
  Rendering events/index.html.erb within layouts/application
  [1m[36mEvent Exists? (0.0ms)[0m  [1m[34mSELECT 1 AS one FROM "events" LIMIT 1 /*action='index',application='PrivateEvents',controller='events'*/[0m
  ↳ app/views/events/index.html.erb:8
  [1m[36mEvent Load (0.0ms)[0m  [1m[34mSELECT "events".* FROM "events" /*action='index',application='PrivateEvents',controller='events'*/[0m
  ↳ app/views/events/index.html.erb:9
  Rendered events/index.html.erb within layouts/application (Duration: 1.0ms | GC: 0.0ms)
  Rendered layout layouts/application.html.erb (Duration: 1.3ms | GC: 0.0ms)
Completed 200 OK in 46ms (Views: 1.4ms | ActiveRecord: 0.1ms (3 queries, 0 cached) | GC: 0.0ms)


Started GET "/events/new" for 127.0.0.1 at 2025-06-09 16:39:05 +1000
Processing by EventsController#new as HTML
  [1m[36mUser Load (0.1ms)[0m  [1m[34mSELECT "users".* FROM "users" WHERE "users"."id" = 1 ORDER BY "users"."id" ASC LIMIT 1 /*action='new',application='PrivateEvents',controller='events'*/[0m
  Rendering layout layouts/application.html.erb
  Rendering events/new.html.erb within layouts/application
  Rendered events/new.html.erb within layouts/application (Duration: 0.9ms | GC: 0.0ms)
  Rendered layout layouts/application.html.erb (Duration: 1.1ms | GC: 0.0ms)
Completed 200 OK in 45ms (Views: 1.2ms | ActiveRecord: 0.1ms (1 query, 0 cached) | GC: 0.2ms)


Started GET "/events/1" for 127.0.0.1 at 2025-06-09 16:39:07 +1000
  
AbstractController::ActionNotFound (The action 'show' could not be found for EventsController):
  
actionpack (8.0.2) lib/abstract_controller/base.rb:158:in `process'
actionview (8.0.2) lib/action_view/rendering.rb:40:in `process'
actionpack (8.0.2) lib/action_controller/metal.rb:252:in `dispatch'
actionpack (8.0.2) lib/action_controller/metal.rb:335:in `dispatch'
actionpack (8.0.2) lib/action_dispatch/routing/route_set.rb:67:in `dispatch'
actionpack (8.0.2) lib/action_dispatch/routing/route_set.rb:50:in `serve'
actionpack (8.0.2) lib/action_dispatch/journey/router.rb:53:in `block in serve'
actionpack (8.0.2) lib/action_dispatch/journey/router.rb:133:in `block in find_routes'
actionpack (8.0.2) lib/action_dispatch/journey/router.rb:126:in `each'
actionpack (8.0.2) lib/action_dispatch/journey/router.rb:126:in `find_routes'
actionpack (8.0.2) lib/action_dispatch/journey/router.rb:34:in `serve'
actionpack (8.0.2) lib/action_dispatch/routing/route_set.rb:908:in `call'
railties (8.0.2) lib/rails/engine/lazy_route_set.rb:68:in `call'
warden (1.2.9) lib/warden/manager.rb:36:in `block in call'
warden (1.2.9) lib/warden/manager.rb:34:in `catch'
warden (1.2.9) lib/warden/manager.rb:34:in `call'
rack (3.1.16) lib/rack/tempfile_reaper.rb:20:in `call'
rack (3.1.16) lib/rack/etag.rb:29:in `call'
rack (3.1.16) lib/rack/conditional_get.rb:31:in `call'
rack (3.1.16) lib/rack/head.rb:15:in `call'
actionpack (8.0.2) lib/action_dispatch/http/permissions_policy.rb:38:in `call'
actionpack (8.0.2) lib/action_dispatch/http/content_security_policy.rb:38:in `call'
rack-session (2.1.1) lib/rack/session/abstract/id.rb:274:in `context'
rack-session (2.1.1) lib/rack/session/abstract/id.rb:268:in `call'
actionpack (8.0.2) lib/action_dispatch/middleware/cookies.rb:706:in `call'
activerecord (8.0.2) lib/active_record/migration.rb:671:in `call'
actionpack (8.0.2) lib/action_dispatch/middleware/callbacks.rb:31:in `block in call'
activesupport (8.0.2) lib/active_support/callbacks.rb:100:in `run_callbacks'
actionpack (8.0.2) lib/action_dispatch/middleware/callbacks.rb:30:in `call'
actionpack (8.0.2) lib/action_dispatch/middleware/executor.rb:16:in `call'
actionpack (8.0.2) lib/action_dispatch/middleware/actionable_exceptions.rb:18:in `call'
actionpack (8.0.2) lib/action_dispatch/middleware/debug_exceptions.rb:31:in `call'
web-console (4.2.1) lib/web_console/middleware.rb:132:in `call_app'
web-console (4.2.1) lib/web_console/middleware.rb:28:in `block in call'
web-console (4.2.1) lib/web_console/middleware.rb:17:in `catch'
web-console (4.2.1) lib/web_console/middleware.rb:17:in `call'
actionpack (8.0.2) lib/action_dispatch/middleware/show_exceptions.rb:32:in `call'
railties (8.0.2) lib/rails/rack/logger.rb:41:in `call_app'
railties (8.0.2) lib/rails/rack/logger.rb:29:in `call'
actionpack (8.0.2) lib/action_dispatch/middleware/remote_ip.rb:96:in `call'
actionpack (8.0.2) lib/action_dispatch/middleware/request_id.rb:34:in `call'
rack (3.1.16) lib/rack/method_override.rb:28:in `call'
rack (3.1.16) lib/rack/runtime.rb:24:in `call'
actionpack (8.0.2) lib/action_dispatch/middleware/server_timing.rb:61:in `block in call'
actionpack (8.0.2) lib/action_dispatch/middleware/server_timing.rb:26:in `collect_events'
actionpack (8.0.2) lib/action_dispatch/middleware/server_timing.rb:60:in `call'
actionpack (8.0.2) lib/action_dispatch/middleware/executor.rb:16:in `call'
actionpack (8.0.2) lib/action_dispatch/middleware/static.rb:27:in `call'
rack (3.1.16) lib/rack/sendfile.rb:114:in `call'
actionpack (8.0.2) lib/action_dispatch/middleware/host_authorization.rb:143:in `call'
railties (8.0.2) lib/rails/engine.rb:535:in `call'
puma (6.6.0) lib/puma/configuration.rb:279:in `call'
puma (6.6.0) lib/puma/request.rb:99:in `block in handle_request'
puma (6.6.0) lib/puma/thread_pool.rb:390:in `with_force_shutdown'
puma (6.6.0) lib/puma/request.rb:98:in `handle_request'
puma (6.6.0) lib/puma/server.rb:472:in `process_client'
puma (6.6.0) lib/puma/server.rb:254:in `block in run'
puma (6.6.0) lib/puma/thread_pool.rb:167:in `block in spawn_thread'
